{"C:\\Users\\KWADWO ASANTE\\cassy-project\\src\\assertions.ts": {"path":"C:\\Users\\KWADWO ASANTE\\cassy-project\\src\\assertions.ts","statementMap":{"0":{"start":{"line":2,"column":4},"end":{"line":4,"column":null}},"1":{"start":{"line":3,"column":8},"end":{"line":3,"column":null}},"2":{"start":{"line":10,"column":8},"end":{"line":10,"column":null}}},"fnMap":{"0":{"name":"assert","decl":{"start":{"line":1,"column":16},"end":{"line":1,"column":23}},"loc":{"start":{"line":1,"column":63},"end":{"line":6,"column":null}},"line":1},"1":{"name":"(anonymous_1)","decl":{"start":{"line":9,"column":4},"end":{"line":9,"column":16}},"loc":{"start":{"line":9,"column":33},"end":{"line":11,"column":null}},"line":9}},"branchMap":{"0":{"loc":{"start":{"line":2,"column":4},"end":{"line":4,"column":null}},"type":"if","locations":[{"start":{"line":2,"column":4},"end":{"line":4,"column":null}},{"start":{},"end":{}}],"line":2}},"s":{"0":30,"1":0,"2":0},"f":{"0":30,"1":0},"b":{"0":[0,30]},"meta":{"lastBranch":1,"lastFunction":2,"lastStatement":3,"seen":{"f:1:16:1:23":0,"b:2:4:4:Infinity:undefined:undefined:undefined:undefined":0,"s:2:4:4:Infinity":0,"s:3:8:3:Infinity":1,"f:9:4:9:16":1,"s:10:8:10:Infinity":2}}}
,"C:\\Users\\KWADWO ASANTE\\cassy-project\\src\\model\\Cart.ts": {"path":"C:\\Users\\KWADWO ASANTE\\cassy-project\\src\\model\\Cart.ts","statementMap":{"0":{"start":{"line":10,"column":8},"end":{"line":10,"column":null}},"1":{"start":{"line":11,"column":8},"end":{"line":11,"column":null}},"2":{"start":{"line":15,"column":8},"end":{"line":20,"column":null}},"3":{"start":{"line":16,"column":12},"end":{"line":16,"column":null}},"4":{"start":{"line":17,"column":12},"end":{"line":17,"column":null}},"5":{"start":{"line":19,"column":10},"end":{"line":19,"column":null}},"6":{"start":{"line":22,"column":8},"end":{"line":22,"column":null}},"7":{"start":{"line":27,"column":8},"end":{"line":27,"column":null}},"8":{"start":{"line":27,"column":39},"end":{"line":27,"column":49}},"9":{"start":{"line":31,"column":20},"end":{"line":31,"column":null}},"10":{"start":{"line":33,"column":8},"end":{"line":40,"column":null}},"11":{"start":{"line":33,"column":21},"end":{"line":33,"column":24}},"12":{"start":{"line":34,"column":12},"end":{"line":39,"column":null}},"13":{"start":{"line":35,"column":16},"end":{"line":38,"column":null}},"14":{"start":{"line":36,"column":20},"end":{"line":36,"column":null}},"15":{"start":{"line":42,"column":8},"end":{"line":47,"column":null}},"16":{"start":{"line":43,"column":12},"end":{"line":43,"column":null}},"17":{"start":{"line":44,"column":12},"end":{"line":44,"column":null}},"18":{"start":{"line":46,"column":12},"end":{"line":46,"column":null}},"19":{"start":{"line":49,"column":8},"end":{"line":49,"column":null}},"20":{"start":{"line":54,"column":20},"end":{"line":54,"column":null}},"21":{"start":{"line":56,"column":8},"end":{"line":58,"column":null}},"22":{"start":{"line":56,"column":21},"end":{"line":56,"column":24}},"23":{"start":{"line":57,"column":12},"end":{"line":57,"column":null}},"24":{"start":{"line":60,"column":8},"end":{"line":60,"column":null}},"25":{"start":{"line":66,"column":8},"end":{"line":66,"column":null}},"26":{"start":{"line":72,"column":8},"end":{"line":74,"column":null}},"27":{"start":{"line":73,"column":12},"end":{"line":73,"column":null}},"28":{"start":{"line":75,"column":20},"end":{"line":75,"column":null}},"29":{"start":{"line":76,"column":29},"end":{"line":76,"column":null}},"30":{"start":{"line":77,"column":8},"end":{"line":79,"column":null}},"31":{"start":{"line":77,"column":21},"end":{"line":77,"column":24}},"32":{"start":{"line":78,"column":12},"end":{"line":78,"column":null}},"33":{"start":{"line":81,"column":22},"end":{"line":81,"column":null}},"34":{"start":{"line":82,"column":8},"end":{"line":82,"column":null}},"35":{"start":{"line":83,"column":8},"end":{"line":83,"column":null}},"36":{"start":{"line":84,"column":8},"end":{"line":84,"column":null}},"37":{"start":{"line":88,"column":8},"end":{"line":88,"column":null}}},"fnMap":{"0":{"name":"(anonymous_0)","decl":{"start":{"line":9,"column":4},"end":{"line":9,"column":18}},"loc":{"start":{"line":9,"column":18},"end":{"line":12,"column":null}},"line":9},"1":{"name":"(anonymous_1)","decl":{"start":{"line":14,"column":4},"end":{"line":14,"column":15}},"loc":{"start":{"line":14,"column":33},"end":{"line":24,"column":null}},"line":14},"2":{"name":"(anonymous_2)","decl":{"start":{"line":26,"column":4},"end":{"line":26,"column":17}},"loc":{"start":{"line":26,"column":17},"end":{"line":28,"column":null}},"line":26},"3":{"name":"(anonymous_3)","decl":{"start":{"line":27,"column":32},"end":{"line":27,"column":33}},"loc":{"start":{"line":27,"column":39},"end":{"line":27,"column":49}},"line":27},"4":{"name":"(anonymous_4)","decl":{"start":{"line":30,"column":4},"end":{"line":30,"column":18}},"loc":{"start":{"line":30,"column":42},"end":{"line":50,"column":null}},"line":30},"5":{"name":"(anonymous_5)","decl":{"start":{"line":53,"column":4},"end":{"line":53,"column":23}},"loc":{"start":{"line":53,"column":23},"end":{"line":63,"column":null}},"line":53},"6":{"name":"(anonymous_6)","decl":{"start":{"line":65,"column":4},"end":{"line":65,"column":15}},"loc":{"start":{"line":65,"column":15},"end":{"line":68,"column":null}},"line":65},"7":{"name":"(anonymous_7)","decl":{"start":{"line":70,"column":4},"end":{"line":70,"column":24}},"loc":{"start":{"line":70,"column":24},"end":{"line":85,"column":null}},"line":70},"8":{"name":"(anonymous_8)","decl":{"start":{"line":87,"column":4},"end":{"line":87,"column":21}},"loc":{"start":{"line":87,"column":41},"end":{"line":89,"column":null}},"line":87}},"branchMap":{"0":{"loc":{"start":{"line":15,"column":8},"end":{"line":20,"column":null}},"type":"if","locations":[{"start":{"line":15,"column":8},"end":{"line":20,"column":null}},{"start":{"line":18,"column":13},"end":{"line":20,"column":null}}],"line":15},"1":{"loc":{"start":{"line":34,"column":12},"end":{"line":39,"column":null}},"type":"if","locations":[{"start":{"line":34,"column":12},"end":{"line":39,"column":null}},{"start":{},"end":{}}],"line":34},"2":{"loc":{"start":{"line":35,"column":16},"end":{"line":38,"column":null}},"type":"if","locations":[{"start":{"line":35,"column":16},"end":{"line":38,"column":null}},{"start":{},"end":{}}],"line":35},"3":{"loc":{"start":{"line":42,"column":8},"end":{"line":47,"column":null}},"type":"if","locations":[{"start":{"line":42,"column":8},"end":{"line":47,"column":null}},{"start":{"line":45,"column":13},"end":{"line":47,"column":null}}],"line":42},"4":{"loc":{"start":{"line":72,"column":8},"end":{"line":74,"column":null}},"type":"if","locations":[{"start":{"line":72,"column":8},"end":{"line":74,"column":null}},{"start":{},"end":{}}],"line":72}},"s":{"0":12,"1":12,"2":11,"3":10,"4":10,"5":1,"6":10,"7":15,"8":4,"9":4,"10":4,"11":4,"12":2,"13":2,"14":2,"15":4,"16":2,"17":2,"18":2,"19":2,"20":3,"21":3,"22":3,"23":4,"24":3,"25":5,"26":4,"27":1,"28":3,"29":3,"30":3,"31":3,"32":4,"33":3,"34":3,"35":3,"36":3,"37":3},"f":{"0":12,"1":11,"2":15,"3":4,"4":4,"5":3,"6":5,"7":4,"8":3},"b":{"0":[10,1],"1":[2,0],"2":[2,0],"3":[2,2],"4":[1,3]},"meta":{"lastBranch":5,"lastFunction":9,"lastStatement":38,"seen":{"f:9:4:9:18":0,"s:10:8:10:Infinity":0,"s:11:8:11:Infinity":1,"f:14:4:14:15":1,"b:15:8:20:Infinity:18:13:20:Infinity":0,"s:15:8:20:Infinity":2,"s:16:12:16:Infinity":3,"s:17:12:17:Infinity":4,"s:19:10:19:Infinity":5,"s:22:8:22:Infinity":6,"f:26:4:26:17":2,"s:27:8:27:Infinity":7,"f:27:32:27:33":3,"s:27:39:27:49":8,"f:30:4:30:18":4,"s:31:20:31:Infinity":9,"s:33:8:40:Infinity":10,"s:33:21:33:24":11,"b:34:12:39:Infinity:undefined:undefined:undefined:undefined":1,"s:34:12:39:Infinity":12,"b:35:16:38:Infinity:undefined:undefined:undefined:undefined":2,"s:35:16:38:Infinity":13,"s:36:20:36:Infinity":14,"b:42:8:47:Infinity:45:13:47:Infinity":3,"s:42:8:47:Infinity":15,"s:43:12:43:Infinity":16,"s:44:12:44:Infinity":17,"s:46:12:46:Infinity":18,"s:49:8:49:Infinity":19,"f:53:4:53:23":5,"s:54:20:54:Infinity":20,"s:56:8:58:Infinity":21,"s:56:21:56:24":22,"s:57:12:57:Infinity":23,"s:60:8:60:Infinity":24,"f:65:4:65:15":6,"s:66:8:66:Infinity":25,"f:70:4:70:24":7,"b:72:8:74:Infinity:undefined:undefined:undefined:undefined":4,"s:72:8:74:Infinity":26,"s:73:12:73:Infinity":27,"s:75:20:75:Infinity":28,"s:76:29:76:Infinity":29,"s:77:8:79:Infinity":30,"s:77:21:77:24":31,"s:78:12:78:Infinity":32,"s:81:22:81:Infinity":33,"s:82:8:82:Infinity":34,"s:83:8:83:Infinity":35,"s:84:8:84:Infinity":36,"f:87:4:87:21":8,"s:88:8:88:Infinity":37}}}
,"C:\\Users\\KWADWO ASANTE\\cassy-project\\src\\model\\Juice.ts": {"path":"C:\\Users\\KWADWO ASANTE\\cassy-project\\src\\model\\Juice.ts","statementMap":{"0":{"start":{"line":4,"column":20},"end":{"line":4,"column":null}},"1":{"start":{"line":8,"column":8},"end":{"line":8,"column":null}},"2":{"start":{"line":11,"column":8},"end":{"line":11,"column":null}},"3":{"start":{"line":15,"column":8},"end":{"line":15,"column":null}},"4":{"start":{"line":19,"column":8},"end":{"line":19,"column":null}}},"fnMap":{"0":{"name":"(anonymous_0)","decl":{"start":{"line":7,"column":4},"end":{"line":7,"column":16}},"loc":{"start":{"line":7,"column":45},"end":{"line":9,"column":null}},"line":7},"1":{"name":"(anonymous_1)","decl":{"start":{"line":10,"column":4},"end":{"line":10,"column":26}},"loc":{"start":{"line":10,"column":26},"end":{"line":12,"column":null}},"line":10},"2":{"name":"(anonymous_2)","decl":{"start":{"line":14,"column":4},"end":{"line":14,"column":27}},"loc":{"start":{"line":14,"column":27},"end":{"line":16,"column":null}},"line":14},"3":{"name":"(anonymous_3)","decl":{"start":{"line":18,"column":4},"end":{"line":18,"column":29}},"loc":{"start":{"line":18,"column":29},"end":{"line":20,"column":null}},"line":18}},"branchMap":{},"s":{"0":1,"1":3,"2":3,"3":3,"4":1},"f":{"0":3,"1":3,"2":3,"3":1},"b":{},"meta":{"lastBranch":0,"lastFunction":4,"lastStatement":5,"seen":{"s:4:20:4:Infinity":0,"f:7:4:7:16":0,"s:8:8:8:Infinity":1,"f:10:4:10:26":1,"s:11:8:11:Infinity":2,"f:14:4:14:27":2,"s:15:8:15:Infinity":3,"f:18:4:18:29":3,"s:19:8:19:Infinity":4}}}
,"C:\\Users\\KWADWO ASANTE\\cassy-project\\src\\model\\Product.ts": {"path":"C:\\Users\\KWADWO ASANTE\\cassy-project\\src\\model\\Product.ts","statementMap":{"0":{"start":{"line":8,"column":8},"end":{"line":8,"column":null}},"1":{"start":{"line":9,"column":8},"end":{"line":9,"column":null}},"2":{"start":{"line":10,"column":8},"end":{"line":10,"column":null}},"3":{"start":{"line":14,"column":8},"end":{"line":14,"column":null}},"4":{"start":{"line":15,"column":8},"end":{"line":15,"column":null}},"5":{"start":{"line":19,"column":8},"end":{"line":19,"column":null}},"6":{"start":{"line":23,"column":8},"end":{"line":23,"column":null}}},"fnMap":{"0":{"name":"(anonymous_0)","decl":{"start":{"line":7,"column":4},"end":{"line":7,"column":16}},"loc":{"start":{"line":7,"column":45},"end":{"line":11,"column":null}},"line":7},"1":{"name":"(anonymous_1)","decl":{"start":{"line":13,"column":4},"end":{"line":13,"column":20}},"loc":{"start":{"line":13,"column":20},"end":{"line":16,"column":null}},"line":13},"2":{"name":"(anonymous_2)","decl":{"start":{"line":18,"column":4},"end":{"line":18,"column":23}},"loc":{"start":{"line":18,"column":23},"end":{"line":20,"column":null}},"line":18},"3":{"name":"(anonymous_3)","decl":{"start":{"line":22,"column":4},"end":{"line":22,"column":22}},"loc":{"start":{"line":22,"column":22},"end":{"line":24,"column":null}},"line":22}},"branchMap":{},"s":{"0":12,"1":12,"2":12,"3":12,"4":12,"5":4,"6":4},"f":{"0":12,"1":12,"2":4,"3":4},"b":{},"meta":{"lastBranch":0,"lastFunction":4,"lastStatement":7,"seen":{"f:7:4:7:16":0,"s:8:8:8:Infinity":0,"s:9:8:9:Infinity":1,"s:10:8:10:Infinity":2,"f:13:4:13:20":1,"s:14:8:14:Infinity":3,"s:15:8:15:Infinity":4,"f:18:4:18:23":2,"s:19:8:19:Infinity":5,"f:22:4:22:22":3,"s:23:8:23:Infinity":6}}}
,"C:\\Users\\KWADWO ASANTE\\cassy-project\\src\\model\\Receipt.ts": {"path":"C:\\Users\\KWADWO ASANTE\\cassy-project\\src\\model\\Receipt.ts","statementMap":{"0":{"start":{"line":10,"column":8},"end":{"line":10,"column":null}},"1":{"start":{"line":11,"column":8},"end":{"line":11,"column":null}},"2":{"start":{"line":12,"column":8},"end":{"line":12,"column":null}},"3":{"start":{"line":16,"column":8},"end":{"line":16,"column":null}},"4":{"start":{"line":17,"column":8},"end":{"line":17,"column":null}},"5":{"start":{"line":21,"column":8},"end":{"line":21,"column":null}},"6":{"start":{"line":25,"column":8},"end":{"line":25,"column":null}}},"fnMap":{"0":{"name":"(anonymous_0)","decl":{"start":{"line":9,"column":4},"end":{"line":9,"column":16}},"loc":{"start":{"line":9,"column":54},"end":{"line":13,"column":null}},"line":9},"1":{"name":"(anonymous_1)","decl":{"start":{"line":15,"column":4},"end":{"line":15,"column":20}},"loc":{"start":{"line":15,"column":20},"end":{"line":18,"column":null}},"line":15},"2":{"name":"(anonymous_2)","decl":{"start":{"line":20,"column":4},"end":{"line":20,"column":23}},"loc":{"start":{"line":20,"column":23},"end":{"line":22,"column":null}},"line":20},"3":{"name":"(anonymous_3)","decl":{"start":{"line":24,"column":4},"end":{"line":24,"column":15}},"loc":{"start":{"line":24,"column":15},"end":{"line":26,"column":null}},"line":24}},"branchMap":{},"s":{"0":3,"1":3,"2":3,"3":3,"4":3,"5":1,"6":0},"f":{"0":3,"1":3,"2":1,"3":0},"b":{},"meta":{"lastBranch":0,"lastFunction":4,"lastStatement":7,"seen":{"f:9:4:9:16":0,"s:10:8:10:Infinity":0,"s:11:8:11:Infinity":1,"s:12:8:12:Infinity":2,"f:15:4:15:20":1,"s:16:8:16:Infinity":3,"s:17:8:17:Infinity":4,"f:20:4:20:23":2,"s:21:8:21:Infinity":5,"f:24:4:24:15":3,"s:25:8:25:Infinity":6}}}
,"C:\\Users\\KWADWO ASANTE\\cassy-project\\src\\model\\Smoothie.ts": {"path":"C:\\Users\\KWADWO ASANTE\\cassy-project\\src\\model\\Smoothie.ts","statementMap":{"0":{"start":{"line":4,"column":20},"end":{"line":4,"column":null}},"1":{"start":{"line":6,"column":8},"end":{"line":6,"column":null}},"2":{"start":{"line":10,"column":8},"end":{"line":10,"column":null}},"3":{"start":{"line":14,"column":8},"end":{"line":14,"column":null}},"4":{"start":{"line":18,"column":8},"end":{"line":18,"column":null}}},"fnMap":{"0":{"name":"(anonymous_0)","decl":{"start":{"line":5,"column":4},"end":{"line":5,"column":16}},"loc":{"start":{"line":5,"column":45},"end":{"line":7,"column":null}},"line":5},"1":{"name":"(anonymous_1)","decl":{"start":{"line":9,"column":4},"end":{"line":9,"column":26}},"loc":{"start":{"line":9,"column":26},"end":{"line":11,"column":null}},"line":9},"2":{"name":"(anonymous_2)","decl":{"start":{"line":13,"column":4},"end":{"line":13,"column":27}},"loc":{"start":{"line":13,"column":27},"end":{"line":15,"column":null}},"line":13},"3":{"name":"(anonymous_3)","decl":{"start":{"line":17,"column":4},"end":{"line":17,"column":29}},"loc":{"start":{"line":17,"column":29},"end":{"line":19,"column":null}},"line":17}},"branchMap":{},"s":{"0":1,"1":9,"2":33,"3":31,"4":1},"f":{"0":9,"1":33,"2":31,"3":1},"b":{},"meta":{"lastBranch":0,"lastFunction":4,"lastStatement":5,"seen":{"s:4:20:4:Infinity":0,"f:5:4:5:16":0,"s:6:8:6:Infinity":1,"f:9:4:9:26":1,"s:10:8:10:Infinity":2,"f:13:4:13:27":2,"s:14:8:14:Infinity":3,"f:17:4:17:29":3,"s:18:8:18:Infinity":4}}}
}
