{"C:\\Users\\KWADWO ASANTE\\cassy-project\\create-tables.sql": {"path":"C:\\Users\\KWADWO ASANTE\\cassy-project\\create-tables.sql","statementMap":{},"fnMap":{},"branchMap":{},"s":{},"f":{},"b":{},"meta":{"lastBranch":0,"lastFunction":0,"lastStatement":0,"seen":{}}}
,"C:\\Users\\KWADWO ASANTE\\cassy-project\\src\\assertions.ts": {"path":"C:\\Users\\KWADWO ASANTE\\cassy-project\\src\\assertions.ts","statementMap":{"0":{"start":{"line":7,"column":4},"end":{"line":9,"column":null}},"1":{"start":{"line":8,"column":8},"end":{"line":8,"column":null}},"2":{"start":{"line":18,"column":8},"end":{"line":18,"column":null}}},"fnMap":{"0":{"name":"assert","decl":{"start":{"line":6,"column":16},"end":{"line":6,"column":23}},"loc":{"start":{"line":6,"column":63},"end":{"line":11,"column":null}},"line":6},"1":{"name":"(anonymous_1)","decl":{"start":{"line":17,"column":4},"end":{"line":17,"column":16}},"loc":{"start":{"line":17,"column":33},"end":{"line":19,"column":null}},"line":17}},"branchMap":{"0":{"loc":{"start":{"line":7,"column":4},"end":{"line":9,"column":null}},"type":"if","locations":[{"start":{"line":7,"column":4},"end":{"line":9,"column":null}},{"start":{},"end":{}}],"line":7}},"s":{"0":206,"1":0,"2":0},"f":{"0":206,"1":0},"b":{"0":[0,206]},"meta":{"lastBranch":1,"lastFunction":2,"lastStatement":3,"seen":{"f:6:16:6:23":0,"b:7:4:9:Infinity:undefined:undefined:undefined:undefined":0,"s:7:4:9:Infinity":0,"s:8:8:8:Infinity":1,"f:17:4:17:16":1,"s:18:8:18:Infinity":2}}}
,"C:\\Users\\KWADWO ASANTE\\cassy-project\\src\\model\\BOGO.ts": {"path":"C:\\Users\\KWADWO ASANTE\\cassy-project\\src\\model\\BOGO.ts","statementMap":{"0":{"start":{"line":19,"column":8},"end":{"line":19,"column":null}},"1":{"start":{"line":20,"column":8},"end":{"line":20,"column":null}},"2":{"start":{"line":21,"column":8},"end":{"line":21,"column":null}},"3":{"start":{"line":26,"column":8},"end":{"line":26,"column":null}},"4":{"start":{"line":27,"column":8},"end":{"line":27,"column":null}},"5":{"start":{"line":31,"column":8},"end":{"line":31,"column":null}},"6":{"start":{"line":35,"column":8},"end":{"line":35,"column":null}},"7":{"start":{"line":43,"column":8},"end":{"line":47,"column":null}},"8":{"start":{"line":48,"column":8},"end":{"line":48,"column":null}},"9":{"start":{"line":56,"column":23},"end":{"line":64,"column":null}},"10":{"start":{"line":66,"column":20},"end":{"line":66,"column":null}},"11":{"start":{"line":67,"column":8},"end":{"line":67,"column":null}},"12":{"start":{"line":76,"column":23},"end":{"line":76,"column":null}},"13":{"start":{"line":77,"column":20},"end":{"line":77,"column":null}},"14":{"start":{"line":78,"column":20},"end":{"line":78,"column":null}},"15":{"start":{"line":80,"column":28},"end":{"line":80,"column":null}},"16":{"start":{"line":81,"column":25},"end":{"line":81,"column":null}},"17":{"start":{"line":82,"column":25},"end":{"line":82,"column":null}},"18":{"start":{"line":84,"column":22},"end":{"line":84,"column":null}},"19":{"start":{"line":85,"column":27},"end":{"line":85,"column":null}},"20":{"start":{"line":87,"column":8},"end":{"line":98,"column":null}},"21":{"start":{"line":87,"column":21},"end":{"line":87,"column":24}},"22":{"start":{"line":88,"column":12},"end":{"line":97,"column":null}},"23":{"start":{"line":89,"column":16},"end":{"line":89,"column":null}},"24":{"start":{"line":90,"column":16},"end":{"line":90,"column":null}},"25":{"start":{"line":91,"column":12},"end":{"line":97,"column":null}},"26":{"start":{"line":92,"column":16},"end":{"line":92,"column":null}},"27":{"start":{"line":93,"column":16},"end":{"line":93,"column":null}},"28":{"start":{"line":94,"column":12},"end":{"line":97,"column":null}},"29":{"start":{"line":95,"column":16},"end":{"line":95,"column":null}},"30":{"start":{"line":96,"column":16},"end":{"line":96,"column":null}},"31":{"start":{"line":100,"column":29},"end":{"line":100,"column":null}},"32":{"start":{"line":101,"column":26},"end":{"line":101,"column":null}},"33":{"start":{"line":102,"column":26},"end":{"line":102,"column":null}},"34":{"start":{"line":104,"column":8},"end":{"line":106,"column":null}},"35":{"start":{"line":105,"column":12},"end":{"line":105,"column":null}},"36":{"start":{"line":109,"column":12},"end":{"line":111,"column":null}},"37":{"start":{"line":113,"column":8},"end":{"line":113,"column":null}}},"fnMap":{"0":{"name":"(anonymous_0)","decl":{"start":{"line":18,"column":4},"end":{"line":18,"column":16}},"loc":{"start":{"line":18,"column":51},"end":{"line":22,"column":null}},"line":18},"1":{"name":"(anonymous_1)","decl":{"start":{"line":25,"column":4},"end":{"line":25,"column":17}},"loc":{"start":{"line":25,"column":17},"end":{"line":28,"column":null}},"line":25},"2":{"name":"(anonymous_2)","decl":{"start":{"line":30,"column":4},"end":{"line":30,"column":14}},"loc":{"start":{"line":30,"column":14},"end":{"line":32,"column":null}},"line":30},"3":{"name":"(anonymous_3)","decl":{"start":{"line":34,"column":4},"end":{"line":34,"column":21}},"loc":{"start":{"line":34,"column":21},"end":{"line":36,"column":null}},"line":34},"4":{"name":"(anonymous_4)","decl":{"start":{"line":42,"column":17},"end":{"line":42,"column":28}},"loc":{"start":{"line":42,"column":57},"end":{"line":49,"column":null}},"line":42},"5":{"name":"(anonymous_5)","decl":{"start":{"line":55,"column":17},"end":{"line":55,"column":33}},"loc":{"start":{"line":55,"column":62},"end":{"line":68,"column":null}},"line":55},"6":{"name":"(anonymous_6)","decl":{"start":{"line":75,"column":4},"end":{"line":75,"column":16}},"loc":{"start":{"line":75,"column":34},"end":{"line":114,"column":null}},"line":75}},"branchMap":{"0":{"loc":{"start":{"line":88,"column":12},"end":{"line":97,"column":null}},"type":"if","locations":[{"start":{"line":88,"column":12},"end":{"line":97,"column":null}},{"start":{"line":91,"column":12},"end":{"line":97,"column":null}}],"line":88},"1":{"loc":{"start":{"line":91,"column":12},"end":{"line":97,"column":null}},"type":"if","locations":[{"start":{"line":91,"column":12},"end":{"line":97,"column":null}},{"start":{"line":94,"column":12},"end":{"line":97,"column":null}}],"line":91},"2":{"loc":{"start":{"line":94,"column":12},"end":{"line":97,"column":null}},"type":"if","locations":[{"start":{"line":94,"column":12},"end":{"line":97,"column":null}},{"start":{},"end":{}}],"line":94},"3":{"loc":{"start":{"line":104,"column":8},"end":{"line":106,"column":null}},"type":"if","locations":[{"start":{"line":104,"column":8},"end":{"line":106,"column":null}},{"start":{},"end":{}}],"line":104},"4":{"loc":{"start":{"line":104,"column":12},"end":{"line":104,"column":70}},"type":"binary-expr","locations":[{"start":{"line":104,"column":12},"end":{"line":104,"column":34}},{"start":{"line":104,"column":34},"end":{"line":104,"column":53}},{"start":{"line":104,"column":53},"end":{"line":104,"column":70}}],"line":104}},"s":{"0":8,"1":8,"2":8,"3":8,"4":8,"5":10,"6":2,"7":2,"8":2,"9":2,"10":2,"11":2,"12":2,"13":2,"14":2,"15":2,"16":2,"17":2,"18":2,"19":2,"20":2,"21":2,"22":1,"23":1,"24":1,"25":0,"26":0,"27":0,"28":0,"29":0,"30":0,"31":2,"32":2,"33":2,"34":2,"35":1,"36":1,"37":1},"f":{"0":8,"1":8,"2":10,"3":2,"4":4,"5":4,"6":2},"b":{"0":[1,0],"1":[0,0],"2":[0,0],"3":[1,1],"4":[2,1,1]},"meta":{"lastBranch":5,"lastFunction":7,"lastStatement":38,"seen":{"f:18:4:18:16":0,"s:19:8:19:Infinity":0,"s:20:8:20:Infinity":1,"s:21:8:21:Infinity":2,"f:25:4:25:17":1,"s:26:8:26:Infinity":3,"s:27:8:27:Infinity":4,"f:30:4:30:14":2,"s:31:8:31:Infinity":5,"f:34:4:34:21":3,"s:35:8:35:Infinity":6,"f:42:17:42:28":4,"s:43:8:47:Infinity":7,"s:48:8:48:Infinity":8,"f:55:17:55:33":5,"s:56:23:64:Infinity":9,"s:66:20:66:Infinity":10,"s:67:8:67:Infinity":11,"f:75:4:75:16":6,"s:76:23:76:Infinity":12,"s:77:20:77:Infinity":13,"s:78:20:78:Infinity":14,"s:80:28:80:Infinity":15,"s:81:25:81:Infinity":16,"s:82:25:82:Infinity":17,"s:84:22:84:Infinity":18,"s:85:27:85:Infinity":19,"s:87:8:98:Infinity":20,"s:87:21:87:24":21,"b:88:12:97:Infinity:91:12:97:Infinity":0,"s:88:12:97:Infinity":22,"s:89:16:89:Infinity":23,"s:90:16:90:Infinity":24,"b:91:12:97:Infinity:94:12:97:Infinity":1,"s:91:12:97:Infinity":25,"s:92:16:92:Infinity":26,"s:93:16:93:Infinity":27,"b:94:12:97:Infinity:undefined:undefined:undefined:undefined":2,"s:94:12:97:Infinity":28,"s:95:16:95:Infinity":29,"s:96:16:96:Infinity":30,"s:100:29:100:Infinity":31,"s:101:26:101:Infinity":32,"s:102:26:102:Infinity":33,"b:104:8:106:Infinity:undefined:undefined:undefined:undefined":3,"s:104:8:106:Infinity":34,"b:104:12:104:34:104:34:104:53:104:53:104:70":4,"s:105:12:105:Infinity":35,"s:109:12:111:Infinity":36,"s:113:8:113:Infinity":37}}}
,"C:\\Users\\KWADWO ASANTE\\cassy-project\\src\\model\\Cart.ts": {"path":"C:\\Users\\KWADWO ASANTE\\cassy-project\\src\\model\\Cart.ts","statementMap":{"0":{"start":{"line":30,"column":8},"end":{"line":30,"column":null}},"1":{"start":{"line":31,"column":8},"end":{"line":31,"column":null}},"2":{"start":{"line":32,"column":8},"end":{"line":32,"column":null}},"3":{"start":{"line":33,"column":8},"end":{"line":33,"column":null}},"4":{"start":{"line":34,"column":8},"end":{"line":34,"column":null}},"5":{"start":{"line":35,"column":8},"end":{"line":35,"column":null}},"6":{"start":{"line":36,"column":8},"end":{"line":36,"column":null}},"7":{"start":{"line":41,"column":8},"end":{"line":41,"column":null}},"8":{"start":{"line":50,"column":20},"end":{"line":50,"column":null}},"9":{"start":{"line":52,"column":8},"end":{"line":56,"column":null}},"10":{"start":{"line":52,"column":21},"end":{"line":52,"column":24}},"11":{"start":{"line":53,"column":12},"end":{"line":55,"column":null}},"12":{"start":{"line":54,"column":16},"end":{"line":54,"column":null}},"13":{"start":{"line":58,"column":28},"end":{"line":58,"column":null}},"14":{"start":{"line":60,"column":8},"end":{"line":62,"column":null}},"15":{"start":{"line":61,"column":12},"end":{"line":61,"column":null}},"16":{"start":{"line":64,"column":8},"end":{"line":66,"column":null}},"17":{"start":{"line":65,"column":12},"end":{"line":65,"column":null}},"18":{"start":{"line":68,"column":8},"end":{"line":74,"column":null}},"19":{"start":{"line":69,"column":12},"end":{"line":69,"column":null}},"20":{"start":{"line":70,"column":12},"end":{"line":70,"column":null}},"21":{"start":{"line":72,"column":12},"end":{"line":72,"column":null}},"22":{"start":{"line":73,"column":12},"end":{"line":73,"column":null}},"23":{"start":{"line":76,"column":8},"end":{"line":76,"column":null}},"24":{"start":{"line":77,"column":8},"end":{"line":77,"column":null}},"25":{"start":{"line":82,"column":8},"end":{"line":82,"column":null}},"26":{"start":{"line":91,"column":8},"end":{"line":91,"column":null}},"27":{"start":{"line":92,"column":8},"end":{"line":92,"column":null}},"28":{"start":{"line":100,"column":8},"end":{"line":100,"column":null}},"29":{"start":{"line":104,"column":8},"end":{"line":104,"column":null}},"30":{"start":{"line":108,"column":8},"end":{"line":108,"column":null}},"31":{"start":{"line":112,"column":8},"end":{"line":112,"column":null}},"32":{"start":{"line":121,"column":8},"end":{"line":121,"column":null}},"33":{"start":{"line":123,"column":21},"end":{"line":123,"column":null}},"34":{"start":{"line":125,"column":8},"end":{"line":148,"column":null}},"35":{"start":{"line":126,"column":27},"end":{"line":129,"column":null}},"36":{"start":{"line":131,"column":12},"end":{"line":131,"column":null}},"37":{"start":{"line":132,"column":12},"end":{"line":132,"column":null}},"38":{"start":{"line":134,"column":12},"end":{"line":137,"column":null}},"39":{"start":{"line":139,"column":12},"end":{"line":142,"column":null}},"40":{"start":{"line":144,"column":12},"end":{"line":147,"column":null}},"41":{"start":{"line":150,"column":8},"end":{"line":160,"column":null}},"42":{"start":{"line":150,"column":21},"end":{"line":150,"column":24}},"43":{"start":{"line":151,"column":28},"end":{"line":151,"column":null}},"44":{"start":{"line":152,"column":29},"end":{"line":152,"column":null}},"45":{"start":{"line":153,"column":29},"end":{"line":153,"column":null}},"46":{"start":{"line":155,"column":12},"end":{"line":159,"column":null}},"47":{"start":{"line":162,"column":8},"end":{"line":169,"column":null}},"48":{"start":{"line":162,"column":21},"end":{"line":162,"column":24}},"49":{"start":{"line":163,"column":27},"end":{"line":163,"column":null}},"50":{"start":{"line":165,"column":12},"end":{"line":168,"column":null}},"51":{"start":{"line":171,"column":8},"end":{"line":171,"column":null}},"52":{"start":{"line":175,"column":8},"end":{"line":175,"column":null}},"53":{"start":{"line":183,"column":20},"end":{"line":183,"column":null}},"54":{"start":{"line":185,"column":8},"end":{"line":191,"column":null}},"55":{"start":{"line":185,"column":21},"end":{"line":185,"column":24}},"56":{"start":{"line":186,"column":12},"end":{"line":190,"column":null}},"57":{"start":{"line":187,"column":16},"end":{"line":189,"column":null}},"58":{"start":{"line":188,"column":20},"end":{"line":188,"column":null}},"59":{"start":{"line":193,"column":8},"end":{"line":197,"column":null}},"60":{"start":{"line":194,"column":12},"end":{"line":194,"column":null}},"61":{"start":{"line":196,"column":12},"end":{"line":196,"column":null}},"62":{"start":{"line":198,"column":8},"end":{"line":198,"column":null}},"63":{"start":{"line":206,"column":23},"end":{"line":212,"column":null}},"64":{"start":{"line":215,"column":20},"end":{"line":215,"column":null}},"65":{"start":{"line":216,"column":21},"end":{"line":216,"column":null}},"66":{"start":{"line":217,"column":8},"end":{"line":217,"column":null}},"67":{"start":{"line":219,"column":25},"end":{"line":219,"column":null}},"68":{"start":{"line":220,"column":8},"end":{"line":222,"column":null}},"69":{"start":{"line":220,"column":21},"end":{"line":220,"column":24}},"70":{"start":{"line":221,"column":12},"end":{"line":221,"column":null}},"71":{"start":{"line":225,"column":24},"end":{"line":225,"column":null}},"72":{"start":{"line":226,"column":8},"end":{"line":228,"column":null}},"73":{"start":{"line":227,"column":12},"end":{"line":227,"column":null}},"74":{"start":{"line":230,"column":8},"end":{"line":230,"column":null}},"75":{"start":{"line":238,"column":22},"end":{"line":238,"column":null}},"76":{"start":{"line":240,"column":28},"end":{"line":250,"column":null}},"77":{"start":{"line":252,"column":8},"end":{"line":269,"column":null}},"78":{"start":{"line":252,"column":21},"end":{"line":252,"column":24}},"79":{"start":{"line":253,"column":28},"end":{"line":253,"column":null}},"80":{"start":{"line":254,"column":32},"end":{"line":254,"column":null}},"81":{"start":{"line":257,"column":12},"end":{"line":263,"column":null}},"82":{"start":{"line":258,"column":16},"end":{"line":258,"column":null}},"83":{"start":{"line":259,"column":12},"end":{"line":263,"column":null}},"84":{"start":{"line":260,"column":16},"end":{"line":260,"column":null}},"85":{"start":{"line":262,"column":16},"end":{"line":262,"column":null}},"86":{"start":{"line":265,"column":12},"end":{"line":268,"column":null}},"87":{"start":{"line":271,"column":8},"end":{"line":271,"column":null}},"88":{"start":{"line":279,"column":23},"end":{"line":284,"column":null}},"89":{"start":{"line":286,"column":8},"end":{"line":288,"column":null}},"90":{"start":{"line":287,"column":12},"end":{"line":287,"column":null}},"91":{"start":{"line":290,"column":8},"end":{"line":290,"column":null}},"92":{"start":{"line":298,"column":24},"end":{"line":298,"column":null}},"93":{"start":{"line":299,"column":30},"end":{"line":307,"column":null}},"94":{"start":{"line":309,"column":8},"end":{"line":319,"column":null}},"95":{"start":{"line":310,"column":29},"end":{"line":310,"column":null}},"96":{"start":{"line":313,"column":12},"end":{"line":317,"column":null}},"97":{"start":{"line":314,"column":16},"end":{"line":314,"column":null}},"98":{"start":{"line":315,"column":12},"end":{"line":317,"column":null}},"99":{"start":{"line":316,"column":16},"end":{"line":316,"column":null}},"100":{"start":{"line":318,"column":12},"end":{"line":318,"column":null}},"101":{"start":{"line":320,"column":8},"end":{"line":320,"column":null}},"102":{"start":{"line":327,"column":8},"end":{"line":327,"column":null}},"103":{"start":{"line":327,"column":39},"end":{"line":327,"column":49}},"104":{"start":{"line":336,"column":20},"end":{"line":336,"column":null}},"105":{"start":{"line":338,"column":8},"end":{"line":344,"column":null}},"106":{"start":{"line":338,"column":21},"end":{"line":338,"column":24}},"107":{"start":{"line":339,"column":12},"end":{"line":343,"column":null}},"108":{"start":{"line":340,"column":16},"end":{"line":342,"column":null}},"109":{"start":{"line":341,"column":20},"end":{"line":341,"column":null}},"110":{"start":{"line":346,"column":8},"end":{"line":348,"column":null}},"111":{"start":{"line":347,"column":12},"end":{"line":347,"column":null}},"112":{"start":{"line":350,"column":8},"end":{"line":350,"column":null}},"113":{"start":{"line":351,"column":8},"end":{"line":351,"column":null}},"114":{"start":{"line":353,"column":8},"end":{"line":356,"column":null}},"115":{"start":{"line":354,"column":12},"end":{"line":354,"column":null}},"116":{"start":{"line":355,"column":12},"end":{"line":355,"column":null}},"117":{"start":{"line":358,"column":8},"end":{"line":358,"column":null}},"118":{"start":{"line":359,"column":8},"end":{"line":359,"column":null}},"119":{"start":{"line":364,"column":8},"end":{"line":364,"column":null}},"120":{"start":{"line":372,"column":20},"end":{"line":372,"column":null}},"121":{"start":{"line":374,"column":8},"end":{"line":376,"column":null}},"122":{"start":{"line":374,"column":21},"end":{"line":374,"column":24}},"123":{"start":{"line":375,"column":12},"end":{"line":375,"column":null}},"124":{"start":{"line":378,"column":8},"end":{"line":378,"column":null}},"125":{"start":{"line":382,"column":8},"end":{"line":382,"column":null}},"126":{"start":{"line":390,"column":8},"end":{"line":392,"column":null}},"127":{"start":{"line":391,"column":12},"end":{"line":391,"column":null}},"128":{"start":{"line":394,"column":8},"end":{"line":401,"column":null}},"129":{"start":{"line":394,"column":21},"end":{"line":394,"column":24}},"130":{"start":{"line":395,"column":34},"end":{"line":395,"column":null}},"131":{"start":{"line":396,"column":35},"end":{"line":396,"column":null}},"132":{"start":{"line":398,"column":12},"end":{"line":400,"column":null}},"133":{"start":{"line":399,"column":16},"end":{"line":399,"column":null}},"134":{"start":{"line":403,"column":8},"end":{"line":403,"column":null}},"135":{"start":{"line":405,"column":8},"end":{"line":407,"column":null}},"136":{"start":{"line":405,"column":21},"end":{"line":405,"column":24}},"137":{"start":{"line":406,"column":12},"end":{"line":406,"column":null}},"138":{"start":{"line":409,"column":30},"end":{"line":409,"column":null}},"139":{"start":{"line":410,"column":24},"end":{"line":410,"column":null}},"140":{"start":{"line":412,"column":8},"end":{"line":412,"column":null}},"141":{"start":{"line":414,"column":8},"end":{"line":427,"column":null}},"142":{"start":{"line":414,"column":21},"end":{"line":414,"column":24}},"143":{"start":{"line":415,"column":28},"end":{"line":415,"column":null}},"144":{"start":{"line":416,"column":35},"end":{"line":416,"column":null}},"145":{"start":{"line":418,"column":12},"end":{"line":418,"column":null}},"146":{"start":{"line":420,"column":12},"end":{"line":426,"column":null}},"147":{"start":{"line":421,"column":16},"end":{"line":421,"column":null}},"148":{"start":{"line":422,"column":12},"end":{"line":426,"column":null}},"149":{"start":{"line":423,"column":16},"end":{"line":423,"column":null}},"150":{"start":{"line":424,"column":12},"end":{"line":426,"column":null}},"151":{"start":{"line":425,"column":16},"end":{"line":425,"column":null}},"152":{"start":{"line":429,"column":8},"end":{"line":429,"column":null}},"153":{"start":{"line":431,"column":8},"end":{"line":431,"column":null}},"154":{"start":{"line":432,"column":8},"end":{"line":432,"column":null}},"155":{"start":{"line":433,"column":8},"end":{"line":433,"column":null}},"156":{"start":{"line":434,"column":8},"end":{"line":434,"column":null}},"157":{"start":{"line":436,"column":8},"end":{"line":436,"column":null}},"158":{"start":{"line":438,"column":8},"end":{"line":438,"column":null}},"159":{"start":{"line":440,"column":8},"end":{"line":440,"column":null}},"160":{"start":{"line":448,"column":8},"end":{"line":448,"column":null}},"161":{"start":{"line":452,"column":27},"end":{"line":452,"column":null}},"162":{"start":{"line":454,"column":8},"end":{"line":454,"column":null}},"163":{"start":{"line":456,"column":8},"end":{"line":459,"column":null}},"164":{"start":{"line":456,"column":21},"end":{"line":456,"column":24}},"165":{"start":{"line":457,"column":12},"end":{"line":457,"column":null}},"166":{"start":{"line":458,"column":12},"end":{"line":458,"column":null}},"167":{"start":{"line":461,"column":8},"end":{"line":463,"column":null}},"168":{"start":{"line":461,"column":21},"end":{"line":461,"column":24}},"169":{"start":{"line":462,"column":12},"end":{"line":462,"column":null}},"170":{"start":{"line":465,"column":8},"end":{"line":465,"column":null}},"171":{"start":{"line":470,"column":8},"end":{"line":474,"column":null}},"172":{"start":{"line":470,"column":21},"end":{"line":470,"column":24}},"173":{"start":{"line":471,"column":12},"end":{"line":473,"column":null}},"174":{"start":{"line":472,"column":16},"end":{"line":472,"column":null}},"175":{"start":{"line":475,"column":8},"end":{"line":475,"column":null}},"176":{"start":{"line":476,"column":8},"end":{"line":480,"column":null}},"177":{"start":{"line":477,"column":12},"end":{"line":477,"column":null}},"178":{"start":{"line":479,"column":12},"end":{"line":479,"column":null}},"179":{"start":{"line":482,"column":8},"end":{"line":482,"column":null}}},"fnMap":{"0":{"name":"(anonymous_0)","decl":{"start":{"line":29,"column":4},"end":{"line":29,"column":16}},"loc":{"start":{"line":29,"column":33},"end":{"line":37,"column":null}},"line":29},"1":{"name":"(anonymous_1)","decl":{"start":{"line":40,"column":4},"end":{"line":40,"column":17}},"loc":{"start":{"line":40,"column":17},"end":{"line":42,"column":null}},"line":40},"2":{"name":"(anonymous_2)","decl":{"start":{"line":49,"column":4},"end":{"line":49,"column":15}},"loc":{"start":{"line":49,"column":49},"end":{"line":78,"column":null}},"line":49},"3":{"name":"(anonymous_3)","decl":{"start":{"line":81,"column":4},"end":{"line":81,"column":17}},"loc":{"start":{"line":81,"column":17},"end":{"line":83,"column":null}},"line":81},"4":{"name":"(anonymous_4)","decl":{"start":{"line":90,"column":4},"end":{"line":90,"column":16}},"loc":{"start":{"line":90,"column":52},"end":{"line":93,"column":null}},"line":90},"5":{"name":"(anonymous_5)","decl":{"start":{"line":99,"column":4},"end":{"line":99,"column":15}},"loc":{"start":{"line":99,"column":31},"end":{"line":101,"column":null}},"line":99},"6":{"name":"(anonymous_6)","decl":{"start":{"line":103,"column":4},"end":{"line":103,"column":16}},"loc":{"start":{"line":103,"column":16},"end":{"line":105,"column":null}},"line":103},"7":{"name":"(anonymous_7)","decl":{"start":{"line":107,"column":4},"end":{"line":107,"column":14}},"loc":{"start":{"line":107,"column":30},"end":{"line":109,"column":null}},"line":107},"8":{"name":"(anonymous_8)","decl":{"start":{"line":111,"column":4},"end":{"line":111,"column":13}},"loc":{"start":{"line":111,"column":31},"end":{"line":113,"column":null}},"line":111},"9":{"name":"(anonymous_9)","decl":{"start":{"line":120,"column":17},"end":{"line":120,"column":26}},"loc":{"start":{"line":120,"column":71},"end":{"line":172,"column":null}},"line":120},"10":{"name":"(anonymous_10)","decl":{"start":{"line":174,"column":4},"end":{"line":174,"column":20}},"loc":{"start":{"line":174,"column":20},"end":{"line":176,"column":null}},"line":174},"11":{"name":"(anonymous_11)","decl":{"start":{"line":182,"column":4},"end":{"line":182,"column":17}},"loc":{"start":{"line":182,"column":39},"end":{"line":199,"column":null}},"line":182},"12":{"name":"(anonymous_12)","decl":{"start":{"line":205,"column":17},"end":{"line":205,"column":29}},"loc":{"start":{"line":205,"column":61},"end":{"line":231,"column":null}},"line":205},"13":{"name":"(anonymous_13)","decl":{"start":{"line":237,"column":17},"end":{"line":237,"column":33}},"loc":{"start":{"line":237,"column":106},"end":{"line":272,"column":null}},"line":237},"14":{"name":"(anonymous_14)","decl":{"start":{"line":278,"column":17},"end":{"line":278,"column":34}},"loc":{"start":{"line":278,"column":74},"end":{"line":291,"column":null}},"line":278},"15":{"name":"(anonymous_15)","decl":{"start":{"line":297,"column":17},"end":{"line":297,"column":35}},"loc":{"start":{"line":297,"column":76},"end":{"line":321,"column":null}},"line":297},"16":{"name":"(anonymous_16)","decl":{"start":{"line":326,"column":4},"end":{"line":326,"column":17}},"loc":{"start":{"line":326,"column":17},"end":{"line":328,"column":null}},"line":326},"17":{"name":"(anonymous_17)","decl":{"start":{"line":327,"column":32},"end":{"line":327,"column":33}},"loc":{"start":{"line":327,"column":39},"end":{"line":327,"column":49}},"line":327},"18":{"name":"(anonymous_18)","decl":{"start":{"line":335,"column":4},"end":{"line":335,"column":18}},"loc":{"start":{"line":335,"column":58},"end":{"line":360,"column":null}},"line":335},"19":{"name":"(anonymous_19)","decl":{"start":{"line":363,"column":4},"end":{"line":363,"column":23}},"loc":{"start":{"line":363,"column":23},"end":{"line":365,"column":null}},"line":363},"20":{"name":"(anonymous_20)","decl":{"start":{"line":371,"column":4},"end":{"line":371,"column":21}},"loc":{"start":{"line":371,"column":21},"end":{"line":379,"column":null}},"line":371},"21":{"name":"(anonymous_21)","decl":{"start":{"line":381,"column":4},"end":{"line":381,"column":15}},"loc":{"start":{"line":381,"column":15},"end":{"line":383,"column":null}},"line":381},"22":{"name":"(anonymous_22)","decl":{"start":{"line":389,"column":10},"end":{"line":389,"column":19}},"loc":{"start":{"line":389,"column":55},"end":{"line":441,"column":null}},"line":389},"23":{"name":"(anonymous_23)","decl":{"start":{"line":447,"column":4},"end":{"line":447,"column":21}},"loc":{"start":{"line":447,"column":41},"end":{"line":449,"column":null}},"line":447},"24":{"name":"(anonymous_24)","decl":{"start":{"line":451,"column":4},"end":{"line":451,"column":21}},"loc":{"start":{"line":451,"column":21},"end":{"line":466,"column":null}},"line":451},"25":{"name":"(anonymous_25)","decl":{"start":{"line":469,"column":10},"end":{"line":469,"column":20}},"loc":{"start":{"line":469,"column":33},"end":{"line":483,"column":null}},"line":469}},"branchMap":{"0":{"loc":{"start":{"line":53,"column":12},"end":{"line":55,"column":null}},"type":"if","locations":[{"start":{"line":53,"column":12},"end":{"line":55,"column":null}},{"start":{},"end":{}}],"line":53},"1":{"loc":{"start":{"line":60,"column":8},"end":{"line":62,"column":null}},"type":"if","locations":[{"start":{"line":60,"column":8},"end":{"line":62,"column":null}},{"start":{},"end":{}}],"line":60},"2":{"loc":{"start":{"line":64,"column":8},"end":{"line":66,"column":null}},"type":"if","locations":[{"start":{"line":64,"column":8},"end":{"line":66,"column":null}},{"start":{},"end":{}}],"line":64},"3":{"loc":{"start":{"line":64,"column":12},"end":{"line":64,"column":75}},"type":"binary-expr","locations":[{"start":{"line":64,"column":12},"end":{"line":64,"column":27}},{"start":{"line":64,"column":27},"end":{"line":64,"column":75}}],"line":64},"4":{"loc":{"start":{"line":68,"column":8},"end":{"line":74,"column":null}},"type":"if","locations":[{"start":{"line":68,"column":8},"end":{"line":74,"column":null}},{"start":{"line":71,"column":15},"end":{"line":74,"column":null}}],"line":68},"5":{"loc":{"start":{"line":125,"column":8},"end":{"line":148,"column":null}},"type":"if","locations":[{"start":{"line":125,"column":8},"end":{"line":148,"column":null}},{"start":{"line":133,"column":15},"end":{"line":148,"column":null}}],"line":125},"6":{"loc":{"start":{"line":186,"column":12},"end":{"line":190,"column":null}},"type":"if","locations":[{"start":{"line":186,"column":12},"end":{"line":190,"column":null}},{"start":{},"end":{}}],"line":186},"7":{"loc":{"start":{"line":187,"column":16},"end":{"line":189,"column":null}},"type":"if","locations":[{"start":{"line":187,"column":16},"end":{"line":189,"column":null}},{"start":{},"end":{}}],"line":187},"8":{"loc":{"start":{"line":193,"column":8},"end":{"line":197,"column":null}},"type":"if","locations":[{"start":{"line":193,"column":8},"end":{"line":197,"column":null}},{"start":{"line":195,"column":15},"end":{"line":197,"column":null}}],"line":193},"9":{"loc":{"start":{"line":257,"column":12},"end":{"line":263,"column":null}},"type":"if","locations":[{"start":{"line":257,"column":12},"end":{"line":263,"column":null}},{"start":{"line":259,"column":12},"end":{"line":263,"column":null}}],"line":257},"10":{"loc":{"start":{"line":259,"column":12},"end":{"line":263,"column":null}},"type":"if","locations":[{"start":{"line":259,"column":12},"end":{"line":263,"column":null}},{"start":{"line":261,"column":19},"end":{"line":263,"column":null}}],"line":259},"11":{"loc":{"start":{"line":286,"column":8},"end":{"line":288,"column":null}},"type":"if","locations":[{"start":{"line":286,"column":8},"end":{"line":288,"column":null}},{"start":{},"end":{}}],"line":286},"12":{"loc":{"start":{"line":313,"column":12},"end":{"line":317,"column":null}},"type":"if","locations":[{"start":{"line":313,"column":12},"end":{"line":317,"column":null}},{"start":{"line":315,"column":12},"end":{"line":317,"column":null}}],"line":313},"13":{"loc":{"start":{"line":315,"column":12},"end":{"line":317,"column":null}},"type":"if","locations":[{"start":{"line":315,"column":12},"end":{"line":317,"column":null}},{"start":{},"end":{}}],"line":315},"14":{"loc":{"start":{"line":339,"column":12},"end":{"line":343,"column":null}},"type":"if","locations":[{"start":{"line":339,"column":12},"end":{"line":343,"column":null}},{"start":{},"end":{}}],"line":339},"15":{"loc":{"start":{"line":340,"column":16},"end":{"line":342,"column":null}},"type":"if","locations":[{"start":{"line":340,"column":16},"end":{"line":342,"column":null}},{"start":{},"end":{}}],"line":340},"16":{"loc":{"start":{"line":346,"column":8},"end":{"line":348,"column":null}},"type":"if","locations":[{"start":{"line":346,"column":8},"end":{"line":348,"column":null}},{"start":{},"end":{}}],"line":346},"17":{"loc":{"start":{"line":346,"column":12},"end":{"line":346,"column":77}},"type":"binary-expr","locations":[{"start":{"line":346,"column":12},"end":{"line":346,"column":27}},{"start":{"line":346,"column":27},"end":{"line":346,"column":43}},{"start":{"line":346,"column":43},"end":{"line":346,"column":77}}],"line":346},"18":{"loc":{"start":{"line":353,"column":8},"end":{"line":356,"column":null}},"type":"if","locations":[{"start":{"line":353,"column":8},"end":{"line":356,"column":null}},{"start":{},"end":{}}],"line":353},"19":{"loc":{"start":{"line":390,"column":8},"end":{"line":392,"column":null}},"type":"if","locations":[{"start":{"line":390,"column":8},"end":{"line":392,"column":null}},{"start":{},"end":{}}],"line":390},"20":{"loc":{"start":{"line":398,"column":12},"end":{"line":400,"column":null}},"type":"if","locations":[{"start":{"line":398,"column":12},"end":{"line":400,"column":null}},{"start":{},"end":{}}],"line":398},"21":{"loc":{"start":{"line":420,"column":12},"end":{"line":426,"column":null}},"type":"if","locations":[{"start":{"line":420,"column":12},"end":{"line":426,"column":null}},{"start":{"line":422,"column":12},"end":{"line":426,"column":null}}],"line":420},"22":{"loc":{"start":{"line":422,"column":12},"end":{"line":426,"column":null}},"type":"if","locations":[{"start":{"line":422,"column":12},"end":{"line":426,"column":null}},{"start":{"line":424,"column":12},"end":{"line":426,"column":null}}],"line":422},"23":{"loc":{"start":{"line":424,"column":12},"end":{"line":426,"column":null}},"type":"if","locations":[{"start":{"line":424,"column":12},"end":{"line":426,"column":null}},{"start":{},"end":{}}],"line":424},"24":{"loc":{"start":{"line":471,"column":12},"end":{"line":473,"column":null}},"type":"if","locations":[{"start":{"line":471,"column":12},"end":{"line":473,"column":null}},{"start":{},"end":{}}],"line":471},"25":{"loc":{"start":{"line":476,"column":8},"end":{"line":480,"column":null}},"type":"if","locations":[{"start":{"line":476,"column":8},"end":{"line":480,"column":null}},{"start":{"line":478,"column":15},"end":{"line":480,"column":null}}],"line":476}},"s":{"0":40,"1":40,"2":40,"3":40,"4":40,"5":40,"6":40,"7":40,"8":23,"9":23,"10":23,"11":2,"12":0,"13":23,"14":23,"15":0,"16":23,"17":1,"18":22,"19":22,"20":22,"21":0,"22":0,"23":22,"24":22,"25":23,"26":7,"27":7,"28":4,"29":28,"30":10,"31":15,"32":13,"33":13,"34":13,"35":10,"36":10,"37":10,"38":3,"39":3,"40":3,"41":13,"42":13,"43":11,"44":11,"45":11,"46":11,"47":13,"48":13,"49":3,"50":3,"51":13,"52":25,"53":2,"54":2,"55":2,"56":2,"57":2,"58":2,"59":2,"60":2,"61":0,"62":2,"63":7,"64":7,"65":7,"66":7,"67":7,"68":7,"69":7,"70":7,"71":7,"72":7,"73":1,"74":7,"75":8,"76":8,"77":8,"78":8,"79":9,"80":9,"81":9,"82":2,"83":7,"84":6,"85":1,"86":9,"87":8,"88":4,"89":4,"90":1,"91":3,"92":8,"93":8,"94":8,"95":3,"96":3,"97":2,"98":1,"99":1,"100":3,"101":8,"102":34,"103":5,"104":5,"105":5,"106":5,"107":3,"108":3,"109":3,"110":5,"111":2,"112":3,"113":3,"114":3,"115":3,"116":3,"117":3,"118":3,"119":23,"120":41,"121":41,"122":41,"123":39,"124":41,"125":55,"126":4,"127":1,"128":3,"129":3,"130":4,"131":4,"132":4,"133":0,"134":3,"135":3,"136":3,"137":0,"138":3,"139":3,"140":3,"141":3,"142":3,"143":4,"144":4,"145":4,"146":4,"147":2,"148":2,"149":2,"150":0,"151":0,"152":3,"153":3,"154":3,"155":3,"156":3,"157":3,"158":3,"159":3,"160":4,"161":3,"162":3,"163":3,"164":3,"165":4,"166":4,"167":3,"168":3,"169":0,"170":3,"171":4,"172":4,"173":0,"174":0,"175":4,"176":4,"177":2,"178":2,"179":4},"f":{"0":40,"1":40,"2":23,"3":23,"4":7,"5":4,"6":28,"7":10,"8":15,"9":4,"10":25,"11":2,"12":4,"13":4,"14":4,"15":4,"16":34,"17":5,"18":5,"19":23,"20":41,"21":55,"22":4,"23":4,"24":3,"25":4},"b":{"0":[0,2],"1":[0,23],"2":[1,22],"3":[23,23],"4":[22,0],"5":[10,3],"6":[2,0],"7":[2,0],"8":[2,0],"9":[2,7],"10":[6,1],"11":[1,3],"12":[2,1],"13":[1,0],"14":[3,0],"15":[3,0],"16":[2,3],"17":[5,5,3],"18":[3,0],"19":[1,3],"20":[0,4],"21":[2,2],"22":[2,0],"23":[0,0],"24":[0,0],"25":[2,2]},"meta":{"lastBranch":26,"lastFunction":26,"lastStatement":180,"seen":{"f:29:4:29:16":0,"s:30:8:30:Infinity":0,"s:31:8:31:Infinity":1,"s:32:8:32:Infinity":2,"s:33:8:33:Infinity":3,"s:34:8:34:Infinity":4,"s:35:8:35:Infinity":5,"s:36:8:36:Infinity":6,"f:40:4:40:17":1,"s:41:8:41:Infinity":7,"f:49:4:49:15":2,"s:50:20:50:Infinity":8,"s:52:8:56:Infinity":9,"s:52:21:52:24":10,"b:53:12:55:Infinity:undefined:undefined:undefined:undefined":0,"s:53:12:55:Infinity":11,"s:54:16:54:Infinity":12,"s:58:28:58:Infinity":13,"b:60:8:62:Infinity:undefined:undefined:undefined:undefined":1,"s:60:8:62:Infinity":14,"s:61:12:61:Infinity":15,"b:64:8:66:Infinity:undefined:undefined:undefined:undefined":2,"s:64:8:66:Infinity":16,"b:64:12:64:27:64:27:64:75":3,"s:65:12:65:Infinity":17,"b:68:8:74:Infinity:71:15:74:Infinity":4,"s:68:8:74:Infinity":18,"s:69:12:69:Infinity":19,"s:70:12:70:Infinity":20,"s:72:12:72:Infinity":21,"s:73:12:73:Infinity":22,"s:76:8:76:Infinity":23,"s:77:8:77:Infinity":24,"f:81:4:81:17":3,"s:82:8:82:Infinity":25,"f:90:4:90:16":4,"s:91:8:91:Infinity":26,"s:92:8:92:Infinity":27,"f:99:4:99:15":5,"s:100:8:100:Infinity":28,"f:103:4:103:16":6,"s:104:8:104:Infinity":29,"f:107:4:107:14":7,"s:108:8:108:Infinity":30,"f:111:4:111:13":8,"s:112:8:112:Infinity":31,"f:120:17:120:26":9,"s:121:8:121:Infinity":32,"s:123:21:123:Infinity":33,"b:125:8:148:Infinity:133:15:148:Infinity":5,"s:125:8:148:Infinity":34,"s:126:27:129:Infinity":35,"s:131:12:131:Infinity":36,"s:132:12:132:Infinity":37,"s:134:12:137:Infinity":38,"s:139:12:142:Infinity":39,"s:144:12:147:Infinity":40,"s:150:8:160:Infinity":41,"s:150:21:150:24":42,"s:151:28:151:Infinity":43,"s:152:29:152:Infinity":44,"s:153:29:153:Infinity":45,"s:155:12:159:Infinity":46,"s:162:8:169:Infinity":47,"s:162:21:162:24":48,"s:163:27:163:Infinity":49,"s:165:12:168:Infinity":50,"s:171:8:171:Infinity":51,"f:174:4:174:20":10,"s:175:8:175:Infinity":52,"f:182:4:182:17":11,"s:183:20:183:Infinity":53,"s:185:8:191:Infinity":54,"s:185:21:185:24":55,"b:186:12:190:Infinity:undefined:undefined:undefined:undefined":6,"s:186:12:190:Infinity":56,"b:187:16:189:Infinity:undefined:undefined:undefined:undefined":7,"s:187:16:189:Infinity":57,"s:188:20:188:Infinity":58,"b:193:8:197:Infinity:195:15:197:Infinity":8,"s:193:8:197:Infinity":59,"s:194:12:194:Infinity":60,"s:196:12:196:Infinity":61,"s:198:8:198:Infinity":62,"f:205:17:205:29":12,"s:206:23:212:Infinity":63,"s:215:20:215:Infinity":64,"s:216:21:216:Infinity":65,"s:217:8:217:Infinity":66,"s:219:25:219:Infinity":67,"s:220:8:222:Infinity":68,"s:220:21:220:24":69,"s:221:12:221:Infinity":70,"s:225:24:225:Infinity":71,"s:226:8:228:Infinity":72,"s:227:12:227:Infinity":73,"s:230:8:230:Infinity":74,"f:237:17:237:33":13,"s:238:22:238:Infinity":75,"s:240:28:250:Infinity":76,"s:252:8:269:Infinity":77,"s:252:21:252:24":78,"s:253:28:253:Infinity":79,"s:254:32:254:Infinity":80,"b:257:12:263:Infinity:259:12:263:Infinity":9,"s:257:12:263:Infinity":81,"s:258:16:258:Infinity":82,"b:259:12:263:Infinity:261:19:263:Infinity":10,"s:259:12:263:Infinity":83,"s:260:16:260:Infinity":84,"s:262:16:262:Infinity":85,"s:265:12:268:Infinity":86,"s:271:8:271:Infinity":87,"f:278:17:278:34":14,"s:279:23:284:Infinity":88,"b:286:8:288:Infinity:undefined:undefined:undefined:undefined":11,"s:286:8:288:Infinity":89,"s:287:12:287:Infinity":90,"s:290:8:290:Infinity":91,"f:297:17:297:35":15,"s:298:24:298:Infinity":92,"s:299:30:307:Infinity":93,"s:309:8:319:Infinity":94,"s:310:29:310:Infinity":95,"b:313:12:317:Infinity:315:12:317:Infinity":12,"s:313:12:317:Infinity":96,"s:314:16:314:Infinity":97,"b:315:12:317:Infinity:undefined:undefined:undefined:undefined":13,"s:315:12:317:Infinity":98,"s:316:16:316:Infinity":99,"s:318:12:318:Infinity":100,"s:320:8:320:Infinity":101,"f:326:4:326:17":16,"s:327:8:327:Infinity":102,"f:327:32:327:33":17,"s:327:39:327:49":103,"f:335:4:335:18":18,"s:336:20:336:Infinity":104,"s:338:8:344:Infinity":105,"s:338:21:338:24":106,"b:339:12:343:Infinity:undefined:undefined:undefined:undefined":14,"s:339:12:343:Infinity":107,"b:340:16:342:Infinity:undefined:undefined:undefined:undefined":15,"s:340:16:342:Infinity":108,"s:341:20:341:Infinity":109,"b:346:8:348:Infinity:undefined:undefined:undefined:undefined":16,"s:346:8:348:Infinity":110,"b:346:12:346:27:346:27:346:43:346:43:346:77":17,"s:347:12:347:Infinity":111,"s:350:8:350:Infinity":112,"s:351:8:351:Infinity":113,"b:353:8:356:Infinity:undefined:undefined:undefined:undefined":18,"s:353:8:356:Infinity":114,"s:354:12:354:Infinity":115,"s:355:12:355:Infinity":116,"s:358:8:358:Infinity":117,"s:359:8:359:Infinity":118,"f:363:4:363:23":19,"s:364:8:364:Infinity":119,"f:371:4:371:21":20,"s:372:20:372:Infinity":120,"s:374:8:376:Infinity":121,"s:374:21:374:24":122,"s:375:12:375:Infinity":123,"s:378:8:378:Infinity":124,"f:381:4:381:15":21,"s:382:8:382:Infinity":125,"f:389:10:389:19":22,"b:390:8:392:Infinity:undefined:undefined:undefined:undefined":19,"s:390:8:392:Infinity":126,"s:391:12:391:Infinity":127,"s:394:8:401:Infinity":128,"s:394:21:394:24":129,"s:395:34:395:Infinity":130,"s:396:35:396:Infinity":131,"b:398:12:400:Infinity:undefined:undefined:undefined:undefined":20,"s:398:12:400:Infinity":132,"s:399:16:399:Infinity":133,"s:403:8:403:Infinity":134,"s:405:8:407:Infinity":135,"s:405:21:405:24":136,"s:406:12:406:Infinity":137,"s:409:30:409:Infinity":138,"s:410:24:410:Infinity":139,"s:412:8:412:Infinity":140,"s:414:8:427:Infinity":141,"s:414:21:414:24":142,"s:415:28:415:Infinity":143,"s:416:35:416:Infinity":144,"s:418:12:418:Infinity":145,"b:420:12:426:Infinity:422:12:426:Infinity":21,"s:420:12:426:Infinity":146,"s:421:16:421:Infinity":147,"b:422:12:426:Infinity:424:12:426:Infinity":22,"s:422:12:426:Infinity":148,"s:423:16:423:Infinity":149,"b:424:12:426:Infinity:undefined:undefined:undefined:undefined":23,"s:424:12:426:Infinity":150,"s:425:16:425:Infinity":151,"s:429:8:429:Infinity":152,"s:431:8:431:Infinity":153,"s:432:8:432:Infinity":154,"s:433:8:433:Infinity":155,"s:434:8:434:Infinity":156,"s:436:8:436:Infinity":157,"s:438:8:438:Infinity":158,"s:440:8:440:Infinity":159,"f:447:4:447:21":23,"s:448:8:448:Infinity":160,"f:451:4:451:21":24,"s:452:27:452:Infinity":161,"s:454:8:454:Infinity":162,"s:456:8:459:Infinity":163,"s:456:21:456:24":164,"s:457:12:457:Infinity":165,"s:458:12:458:Infinity":166,"s:461:8:463:Infinity":167,"s:461:21:461:24":168,"s:462:12:462:Infinity":169,"s:465:8:465:Infinity":170,"f:469:10:469:20":25,"s:470:8:474:Infinity":171,"s:470:21:470:24":172,"b:471:12:473:Infinity:undefined:undefined:undefined:undefined":24,"s:471:12:473:Infinity":173,"s:472:16:472:Infinity":174,"s:475:8:475:Infinity":175,"b:476:8:480:Infinity:478:15:480:Infinity":25,"s:476:8:480:Infinity":176,"s:477:12:477:Infinity":177,"s:479:12:479:Infinity":178,"s:482:8:482:Infinity":179}}}
,"C:\\Users\\KWADWO ASANTE\\cassy-project\\src\\model\\Cashier.ts": {"path":"C:\\Users\\KWADWO ASANTE\\cassy-project\\src\\model\\Cashier.ts","statementMap":{"0":{"start":{"line":14,"column":8},"end":{"line":16,"column":null}},"1":{"start":{"line":15,"column":12},"end":{"line":15,"column":null}},"2":{"start":{"line":17,"column":8},"end":{"line":19,"column":null}},"3":{"start":{"line":18,"column":12},"end":{"line":18,"column":null}},"4":{"start":{"line":20,"column":8},"end":{"line":22,"column":null}},"5":{"start":{"line":21,"column":12},"end":{"line":21,"column":null}},"6":{"start":{"line":23,"column":8},"end":{"line":23,"column":null}},"7":{"start":{"line":24,"column":8},"end":{"line":24,"column":null}},"8":{"start":{"line":25,"column":8},"end":{"line":25,"column":null}},"9":{"start":{"line":26,"column":8},"end":{"line":26,"column":null}},"10":{"start":{"line":31,"column":8},"end":{"line":31,"column":null}},"11":{"start":{"line":32,"column":8},"end":{"line":32,"column":null}},"12":{"start":{"line":40,"column":8},"end":{"line":44,"column":null}},"13":{"start":{"line":45,"column":8},"end":{"line":45,"column":null}},"14":{"start":{"line":53,"column":28},"end":{"line":53,"column":null}},"15":{"start":{"line":54,"column":22},"end":{"line":55,"column":null}},"16":{"start":{"line":56,"column":8},"end":{"line":59,"column":null}},"17":{"start":{"line":57,"column":26},"end":{"line":57,"column":null}},"18":{"start":{"line":58,"column":12},"end":{"line":58,"column":null}},"19":{"start":{"line":60,"column":8},"end":{"line":60,"column":null}},"20":{"start":{"line":68,"column":23},"end":{"line":76,"column":null}},"21":{"start":{"line":79,"column":20},"end":{"line":79,"column":null}},"22":{"start":{"line":80,"column":8},"end":{"line":82,"column":null}},"23":{"start":{"line":81,"column":12},"end":{"line":81,"column":null}},"24":{"start":{"line":83,"column":8},"end":{"line":83,"column":null}},"25":{"start":{"line":87,"column":8},"end":{"line":87,"column":null}},"26":{"start":{"line":91,"column":8},"end":{"line":91,"column":null}},"27":{"start":{"line":95,"column":8},"end":{"line":95,"column":null}},"28":{"start":{"line":103,"column":8},"end":{"line":103,"column":null}}},"fnMap":{"0":{"name":"(anonymous_0)","decl":{"start":{"line":13,"column":4},"end":{"line":13,"column":16}},"loc":{"start":{"line":13,"column":52},"end":{"line":27,"column":null}},"line":13},"1":{"name":"(anonymous_1)","decl":{"start":{"line":30,"column":4},"end":{"line":30,"column":20}},"loc":{"start":{"line":30,"column":20},"end":{"line":33,"column":null}},"line":30},"2":{"name":"(anonymous_2)","decl":{"start":{"line":39,"column":17},"end":{"line":39,"column":29}},"loc":{"start":{"line":39,"column":65},"end":{"line":47,"column":null}},"line":39},"3":{"name":"(anonymous_3)","decl":{"start":{"line":52,"column":17},"end":{"line":52,"column":59}},"loc":{"start":{"line":52,"column":59},"end":{"line":61,"column":null}},"line":52},"4":{"name":"(anonymous_4)","decl":{"start":{"line":67,"column":17},"end":{"line":67,"column":38}},"loc":{"start":{"line":67,"column":81},"end":{"line":84,"column":null}},"line":67},"5":{"name":"(anonymous_5)","decl":{"start":{"line":86,"column":4},"end":{"line":86,"column":18}},"loc":{"start":{"line":86,"column":18},"end":{"line":88,"column":null}},"line":86},"6":{"name":"(anonymous_6)","decl":{"start":{"line":90,"column":4},"end":{"line":90,"column":18}},"loc":{"start":{"line":90,"column":18},"end":{"line":92,"column":null}},"line":90},"7":{"name":"(anonymous_7)","decl":{"start":{"line":94,"column":4},"end":{"line":94,"column":18}},"loc":{"start":{"line":94,"column":18},"end":{"line":96,"column":null}},"line":94},"8":{"name":"(anonymous_8)","decl":{"start":{"line":102,"column":4},"end":{"line":102,"column":15}},"loc":{"start":{"line":102,"column":33},"end":{"line":104,"column":null}},"line":102}},"branchMap":{"0":{"loc":{"start":{"line":14,"column":8},"end":{"line":16,"column":null}},"type":"if","locations":[{"start":{"line":14,"column":8},"end":{"line":16,"column":null}},{"start":{},"end":{}}],"line":14},"1":{"loc":{"start":{"line":14,"column":12},"end":{"line":14,"column":60}},"type":"binary-expr","locations":[{"start":{"line":14,"column":12},"end":{"line":14,"column":37}},{"start":{"line":14,"column":37},"end":{"line":14,"column":60}}],"line":14},"2":{"loc":{"start":{"line":17,"column":8},"end":{"line":19,"column":null}},"type":"if","locations":[{"start":{"line":17,"column":8},"end":{"line":19,"column":null}},{"start":{},"end":{}}],"line":17},"3":{"loc":{"start":{"line":20,"column":8},"end":{"line":22,"column":null}},"type":"if","locations":[{"start":{"line":20,"column":8},"end":{"line":22,"column":null}},{"start":{},"end":{}}],"line":20},"4":{"loc":{"start":{"line":80,"column":8},"end":{"line":82,"column":null}},"type":"if","locations":[{"start":{"line":80,"column":8},"end":{"line":82,"column":null}},{"start":{},"end":{}}],"line":80}},"s":{"0":12,"1":0,"2":12,"3":0,"4":12,"5":0,"6":12,"7":12,"8":12,"9":12,"10":12,"11":12,"12":0,"13":0,"14":2,"15":2,"16":2,"17":2,"18":2,"19":2,"20":7,"21":7,"22":7,"23":1,"24":6,"25":0,"26":1,"27":18,"28":3},"f":{"0":12,"1":12,"2":4,"3":4,"4":4,"5":0,"6":1,"7":18,"8":3},"b":{"0":[0,12],"1":[12,12],"2":[0,12],"3":[0,12],"4":[1,6]},"meta":{"lastBranch":5,"lastFunction":9,"lastStatement":29,"seen":{"f:13:4:13:16":0,"b:14:8:16:Infinity:undefined:undefined:undefined:undefined":0,"s:14:8:16:Infinity":0,"b:14:12:14:37:14:37:14:60":1,"s:15:12:15:Infinity":1,"b:17:8:19:Infinity:undefined:undefined:undefined:undefined":2,"s:17:8:19:Infinity":2,"s:18:12:18:Infinity":3,"b:20:8:22:Infinity:undefined:undefined:undefined:undefined":3,"s:20:8:22:Infinity":4,"s:21:12:21:Infinity":5,"s:23:8:23:Infinity":6,"s:24:8:24:Infinity":7,"s:25:8:25:Infinity":8,"s:26:8:26:Infinity":9,"f:30:4:30:20":1,"s:31:8:31:Infinity":10,"s:32:8:32:Infinity":11,"f:39:17:39:29":2,"s:40:8:44:Infinity":12,"s:45:8:45:Infinity":13,"f:52:17:52:59":3,"s:53:28:53:Infinity":14,"s:54:22:55:Infinity":15,"s:56:8:59:Infinity":16,"s:57:26:57:Infinity":17,"s:58:12:58:Infinity":18,"s:60:8:60:Infinity":19,"f:67:17:67:38":4,"s:68:23:76:Infinity":20,"s:79:20:79:Infinity":21,"b:80:8:82:Infinity:undefined:undefined:undefined:undefined":4,"s:80:8:82:Infinity":22,"s:81:12:81:Infinity":23,"s:83:8:83:Infinity":24,"f:86:4:86:18":5,"s:87:8:87:Infinity":25,"f:90:4:90:18":6,"s:91:8:91:Infinity":26,"f:94:4:94:18":7,"s:95:8:95:Infinity":27,"f:102:4:102:15":8,"s:103:8:103:Infinity":28}}}
,"C:\\Users\\KWADWO ASANTE\\cassy-project\\src\\model\\FrozenYogurt.ts": {"path":"C:\\Users\\KWADWO ASANTE\\cassy-project\\src\\model\\FrozenYogurt.ts","statementMap":{"0":{"start":{"line":15,"column":8},"end":{"line":15,"column":null}},"1":{"start":{"line":24,"column":23},"end":{"line":31,"column":null}},"2":{"start":{"line":33,"column":20},"end":{"line":33,"column":null}},"3":{"start":{"line":34,"column":8},"end":{"line":34,"column":null}}},"fnMap":{"0":{"name":"(anonymous_0)","decl":{"start":{"line":14,"column":4},"end":{"line":14,"column":16}},"loc":{"start":{"line":14,"column":63},"end":{"line":17,"column":null}},"line":14},"1":{"name":"(anonymous_1)","decl":{"start":{"line":23,"column":17},"end":{"line":23,"column":32}},"loc":{"start":{"line":23,"column":69},"end":{"line":35,"column":null}},"line":23}},"branchMap":{},"s":{"0":5,"1":2,"2":2,"3":2},"f":{"0":5,"1":4},"b":{},"meta":{"lastBranch":0,"lastFunction":2,"lastStatement":4,"seen":{"f:14:4:14:16":0,"s:15:8:15:Infinity":0,"f:23:17:23:32":1,"s:24:23:31:Infinity":1,"s:33:20:33:Infinity":2,"s:34:8:34:Infinity":3}}}
,"C:\\Users\\KWADWO ASANTE\\cassy-project\\src\\model\\Juice.ts": {"path":"C:\\Users\\KWADWO ASANTE\\cassy-project\\src\\model\\Juice.ts","statementMap":{"0":{"start":{"line":14,"column":8},"end":{"line":14,"column":null}},"1":{"start":{"line":23,"column":23},"end":{"line":30,"column":null}},"2":{"start":{"line":32,"column":20},"end":{"line":32,"column":null}},"3":{"start":{"line":33,"column":8},"end":{"line":33,"column":null}}},"fnMap":{"0":{"name":"(anonymous_0)","decl":{"start":{"line":13,"column":4},"end":{"line":13,"column":16}},"loc":{"start":{"line":13,"column":63},"end":{"line":16,"column":null}},"line":13},"1":{"name":"(anonymous_1)","decl":{"start":{"line":22,"column":17},"end":{"line":22,"column":32}},"loc":{"start":{"line":22,"column":62},"end":{"line":34,"column":null}},"line":22}},"branchMap":{},"s":{"0":14,"1":12,"2":12,"3":12},"f":{"0":14,"1":4},"b":{},"meta":{"lastBranch":0,"lastFunction":2,"lastStatement":4,"seen":{"f:13:4:13:16":0,"s:14:8:14:Infinity":0,"f:22:17:22:32":1,"s:23:23:30:Infinity":1,"s:32:20:32:Infinity":2,"s:33:8:33:Infinity":3}}}
,"C:\\Users\\KWADWO ASANTE\\cassy-project\\src\\model\\Percent25.ts": {"path":"C:\\Users\\KWADWO ASANTE\\cassy-project\\src\\model\\Percent25.ts","statementMap":{"0":{"start":{"line":17,"column":8},"end":{"line":17,"column":null}},"1":{"start":{"line":18,"column":8},"end":{"line":18,"column":null}},"2":{"start":{"line":19,"column":8},"end":{"line":19,"column":null}},"3":{"start":{"line":24,"column":8},"end":{"line":24,"column":null}},"4":{"start":{"line":25,"column":8},"end":{"line":25,"column":null}},"5":{"start":{"line":29,"column":8},"end":{"line":29,"column":null}},"6":{"start":{"line":33,"column":8},"end":{"line":33,"column":null}},"7":{"start":{"line":41,"column":8},"end":{"line":45,"column":null}},"8":{"start":{"line":46,"column":8},"end":{"line":46,"column":null}},"9":{"start":{"line":54,"column":23},"end":{"line":62,"column":null}},"10":{"start":{"line":64,"column":20},"end":{"line":64,"column":null}},"11":{"start":{"line":65,"column":8},"end":{"line":65,"column":null}},"12":{"start":{"line":73,"column":20},"end":{"line":73,"column":null}},"13":{"start":{"line":74,"column":8},"end":{"line":76,"column":null}},"14":{"start":{"line":75,"column":12},"end":{"line":75,"column":null}},"15":{"start":{"line":77,"column":8},"end":{"line":77,"column":null}},"16":{"start":{"line":78,"column":8},"end":{"line":78,"column":null}}},"fnMap":{"0":{"name":"(anonymous_0)","decl":{"start":{"line":16,"column":4},"end":{"line":16,"column":16}},"loc":{"start":{"line":16,"column":51},"end":{"line":20,"column":null}},"line":16},"1":{"name":"(anonymous_1)","decl":{"start":{"line":23,"column":4},"end":{"line":23,"column":22}},"loc":{"start":{"line":23,"column":22},"end":{"line":26,"column":null}},"line":23},"2":{"name":"(anonymous_2)","decl":{"start":{"line":28,"column":4},"end":{"line":28,"column":14}},"loc":{"start":{"line":28,"column":14},"end":{"line":30,"column":null}},"line":28},"3":{"name":"(anonymous_3)","decl":{"start":{"line":32,"column":4},"end":{"line":32,"column":21}},"loc":{"start":{"line":32,"column":21},"end":{"line":34,"column":null}},"line":32},"4":{"name":"(anonymous_4)","decl":{"start":{"line":40,"column":17},"end":{"line":40,"column":28}},"loc":{"start":{"line":40,"column":67},"end":{"line":47,"column":null}},"line":40},"5":{"name":"(anonymous_5)","decl":{"start":{"line":53,"column":17},"end":{"line":53,"column":33}},"loc":{"start":{"line":53,"column":67},"end":{"line":66,"column":null}},"line":53},"6":{"name":"(anonymous_6)","decl":{"start":{"line":72,"column":4},"end":{"line":72,"column":16}},"loc":{"start":{"line":72,"column":28},"end":{"line":79,"column":null}},"line":72}},"branchMap":{"0":{"loc":{"start":{"line":74,"column":8},"end":{"line":76,"column":null}},"type":"if","locations":[{"start":{"line":74,"column":8},"end":{"line":76,"column":null}},{"start":{},"end":{}}],"line":74}},"s":{"0":6,"1":6,"2":6,"3":6,"4":6,"5":8,"6":2,"7":2,"8":2,"9":1,"10":1,"11":1,"12":2,"13":2,"14":1,"15":1,"16":1},"f":{"0":6,"1":6,"2":8,"3":2,"4":4,"5":4,"6":2},"b":{"0":[1,1]},"meta":{"lastBranch":1,"lastFunction":7,"lastStatement":17,"seen":{"f:16:4:16:16":0,"s:17:8:17:Infinity":0,"s:18:8:18:Infinity":1,"s:19:8:19:Infinity":2,"f:23:4:23:22":1,"s:24:8:24:Infinity":3,"s:25:8:25:Infinity":4,"f:28:4:28:14":2,"s:29:8:29:Infinity":5,"f:32:4:32:21":3,"s:33:8:33:Infinity":6,"f:40:17:40:28":4,"s:41:8:45:Infinity":7,"s:46:8:46:Infinity":8,"f:53:17:53:33":5,"s:54:23:62:Infinity":9,"s:64:20:64:Infinity":10,"s:65:8:65:Infinity":11,"f:72:4:72:16":6,"s:73:20:73:Infinity":12,"b:74:8:76:Infinity:undefined:undefined:undefined:undefined":0,"s:74:8:76:Infinity":13,"s:75:12:75:Infinity":14,"s:77:8:77:Infinity":15,"s:78:8:78:Infinity":16}}}
,"C:\\Users\\KWADWO ASANTE\\cassy-project\\src\\model\\Product.ts": {"path":"C:\\Users\\KWADWO ASANTE\\cassy-project\\src\\model\\Product.ts","statementMap":{"0":{"start":{"line":16,"column":8},"end":{"line":16,"column":null}},"1":{"start":{"line":17,"column":8},"end":{"line":17,"column":null}},"2":{"start":{"line":18,"column":8},"end":{"line":18,"column":null}},"3":{"start":{"line":19,"column":8},"end":{"line":19,"column":null}},"4":{"start":{"line":24,"column":8},"end":{"line":24,"column":null}},"5":{"start":{"line":25,"column":8},"end":{"line":25,"column":null}},"6":{"start":{"line":26,"column":8},"end":{"line":26,"column":null}},"7":{"start":{"line":34,"column":8},"end":{"line":44,"column":null}},"8":{"start":{"line":46,"column":8},"end":{"line":46,"column":null}},"9":{"start":{"line":50,"column":8},"end":{"line":50,"column":null}},"10":{"start":{"line":54,"column":8},"end":{"line":54,"column":null}},"11":{"start":{"line":59,"column":8},"end":{"line":59,"column":null}},"12":{"start":{"line":66,"column":8},"end":{"line":66,"column":null}},"13":{"start":{"line":67,"column":8},"end":{"line":67,"column":null}}},"fnMap":{"0":{"name":"(anonymous_0)","decl":{"start":{"line":15,"column":4},"end":{"line":15,"column":16}},"loc":{"start":{"line":15,"column":63},"end":{"line":20,"column":null}},"line":15},"1":{"name":"(anonymous_1)","decl":{"start":{"line":23,"column":4},"end":{"line":23,"column":20}},"loc":{"start":{"line":23,"column":20},"end":{"line":27,"column":null}},"line":23},"2":{"name":"(anonymous_2)","decl":{"start":{"line":33,"column":17},"end":{"line":33,"column":29}},"loc":{"start":{"line":33,"column":65},"end":{"line":47,"column":null}},"line":33},"3":{"name":"(anonymous_3)","decl":{"start":{"line":49,"column":4},"end":{"line":49,"column":23}},"loc":{"start":{"line":49,"column":23},"end":{"line":51,"column":null}},"line":49},"4":{"name":"(anonymous_4)","decl":{"start":{"line":53,"column":4},"end":{"line":53,"column":22}},"loc":{"start":{"line":53,"column":22},"end":{"line":55,"column":null}},"line":53},"5":{"name":"(anonymous_5)","decl":{"start":{"line":58,"column":4},"end":{"line":58,"column":26}},"loc":{"start":{"line":58,"column":26},"end":{"line":60,"column":null}},"line":58},"6":{"name":"(anonymous_6)","decl":{"start":{"line":65,"column":4},"end":{"line":65,"column":19}},"loc":{"start":{"line":65,"column":43},"end":{"line":68,"column":null}},"line":65}},"branchMap":{},"s":{"0":33,"1":33,"2":33,"3":33,"4":38,"5":38,"6":38,"7":4,"8":4,"9":57,"10":39,"11":33,"12":5,"13":5},"f":{"0":33,"1":38,"2":4,"3":57,"4":39,"5":33,"6":5},"b":{},"meta":{"lastBranch":0,"lastFunction":7,"lastStatement":14,"seen":{"f:15:4:15:16":0,"s:16:8:16:Infinity":0,"s:17:8:17:Infinity":1,"s:18:8:18:Infinity":2,"s:19:8:19:Infinity":3,"f:23:4:23:20":1,"s:24:8:24:Infinity":4,"s:25:8:25:Infinity":5,"s:26:8:26:Infinity":6,"f:33:17:33:29":2,"s:34:8:44:Infinity":7,"s:46:8:46:Infinity":8,"f:49:4:49:23":3,"s:50:8:50:Infinity":9,"f:53:4:53:22":4,"s:54:8:54:Infinity":10,"f:58:4:58:26":5,"s:59:8:59:Infinity":11,"f:65:4:65:19":6,"s:66:8:66:Infinity":12,"s:67:8:67:Infinity":13}}}
,"C:\\Users\\KWADWO ASANTE\\cassy-project\\src\\model\\Receipt.ts": {"path":"C:\\Users\\KWADWO ASANTE\\cassy-project\\src\\model\\Receipt.ts","statementMap":{"0":{"start":{"line":20,"column":8},"end":{"line":20,"column":null}},"1":{"start":{"line":21,"column":8},"end":{"line":21,"column":null}},"2":{"start":{"line":22,"column":8},"end":{"line":22,"column":null}},"3":{"start":{"line":26,"column":8},"end":{"line":26,"column":null}},"4":{"start":{"line":30,"column":8},"end":{"line":30,"column":null}},"5":{"start":{"line":34,"column":8},"end":{"line":34,"column":null}},"6":{"start":{"line":42,"column":8},"end":{"line":48,"column":null}},"7":{"start":{"line":49,"column":8},"end":{"line":49,"column":null}},"8":{"start":{"line":57,"column":22},"end":{"line":64,"column":null}},"9":{"start":{"line":66,"column":26},"end":{"line":66,"column":null}},"10":{"start":{"line":67,"column":8},"end":{"line":73,"column":null}},"11":{"start":{"line":68,"column":23},"end":{"line":68,"column":null}},"12":{"start":{"line":69,"column":26},"end":{"line":69,"column":null}},"13":{"start":{"line":71,"column":26},"end":{"line":71,"column":null}},"14":{"start":{"line":72,"column":12},"end":{"line":72,"column":null}},"15":{"start":{"line":75,"column":8},"end":{"line":75,"column":null}},"16":{"start":{"line":83,"column":22},"end":{"line":90,"column":null}},"17":{"start":{"line":93,"column":18},"end":{"line":93,"column":null}},"18":{"start":{"line":94,"column":19},"end":{"line":94,"column":null}},"19":{"start":{"line":95,"column":22},"end":{"line":95,"column":null}},"20":{"start":{"line":98,"column":8},"end":{"line":98,"column":null}}},"fnMap":{"0":{"name":"(anonymous_0)","decl":{"start":{"line":19,"column":4},"end":{"line":19,"column":16}},"loc":{"start":{"line":19,"column":75},"end":{"line":23,"column":null}},"line":19},"1":{"name":"(anonymous_1)","decl":{"start":{"line":25,"column":4},"end":{"line":25,"column":14}},"loc":{"start":{"line":25,"column":14},"end":{"line":27,"column":null}},"line":25},"2":{"name":"(anonymous_2)","decl":{"start":{"line":29,"column":4},"end":{"line":29,"column":17}},"loc":{"start":{"line":29,"column":17},"end":{"line":31,"column":null}},"line":29},"3":{"name":"(anonymous_3)","decl":{"start":{"line":33,"column":4},"end":{"line":33,"column":19}},"loc":{"start":{"line":33,"column":19},"end":{"line":35,"column":null}},"line":33},"4":{"name":"(anonymous_4)","decl":{"start":{"line":41,"column":17},"end":{"line":41,"column":29}},"loc":{"start":{"line":41,"column":65},"end":{"line":50,"column":null}},"line":41},"5":{"name":"(anonymous_5)","decl":{"start":{"line":56,"column":17},"end":{"line":56,"column":38}},"loc":{"start":{"line":56,"column":81},"end":{"line":76,"column":null}},"line":56},"6":{"name":"(anonymous_6)","decl":{"start":{"line":82,"column":17},"end":{"line":82,"column":36}},"loc":{"start":{"line":82,"column":70},"end":{"line":99,"column":null}},"line":82}},"branchMap":{"0":{"loc":{"start":{"line":22,"column":26},"end":{"line":22,"column":null}},"type":"binary-expr","locations":[{"start":{"line":22,"column":26},"end":{"line":22,"column":39}},{"start":{"line":22,"column":39},"end":{"line":22,"column":null}}],"line":22}},"s":{"0":7,"1":7,"2":7,"3":10,"4":7,"5":5,"6":5,"7":5,"8":2,"9":2,"10":2,"11":1,"12":1,"13":1,"14":1,"15":2,"16":1,"17":1,"18":1,"19":1,"20":1},"f":{"0":7,"1":10,"2":7,"3":5,"4":4,"5":4,"6":4},"b":{"0":[7,3]},"meta":{"lastBranch":1,"lastFunction":7,"lastStatement":21,"seen":{"f:19:4:19:16":0,"s:20:8:20:Infinity":0,"s:21:8:21:Infinity":1,"s:22:8:22:Infinity":2,"b:22:26:22:39:22:39:22:Infinity":0,"f:25:4:25:14":1,"s:26:8:26:Infinity":3,"f:29:4:29:17":2,"s:30:8:30:Infinity":4,"f:33:4:33:19":3,"s:34:8:34:Infinity":5,"f:41:17:41:29":4,"s:42:8:48:Infinity":6,"s:49:8:49:Infinity":7,"f:56:17:56:38":5,"s:57:22:64:Infinity":8,"s:66:26:66:Infinity":9,"s:67:8:73:Infinity":10,"s:68:23:68:Infinity":11,"s:69:26:69:Infinity":12,"s:71:26:71:Infinity":13,"s:72:12:72:Infinity":14,"s:75:8:75:Infinity":15,"f:82:17:82:36":6,"s:83:22:90:Infinity":16,"s:93:18:93:Infinity":17,"s:94:19:94:Infinity":18,"s:95:22:95:Infinity":19,"s:98:8:98:Infinity":20}}}
,"C:\\Users\\KWADWO ASANTE\\cassy-project\\src\\model\\Smoothie.ts": {"path":"C:\\Users\\KWADWO ASANTE\\cassy-project\\src\\model\\Smoothie.ts","statementMap":{"0":{"start":{"line":14,"column":8},"end":{"line":14,"column":null}},"1":{"start":{"line":23,"column":23},"end":{"line":30,"column":null}},"2":{"start":{"line":32,"column":20},"end":{"line":32,"column":null}},"3":{"start":{"line":33,"column":8},"end":{"line":33,"column":null}}},"fnMap":{"0":{"name":"(anonymous_0)","decl":{"start":{"line":13,"column":4},"end":{"line":13,"column":16}},"loc":{"start":{"line":13,"column":63},"end":{"line":16,"column":null}},"line":13},"1":{"name":"(anonymous_1)","decl":{"start":{"line":22,"column":17},"end":{"line":22,"column":35}},"loc":{"start":{"line":22,"column":68},"end":{"line":34,"column":null}},"line":22}},"branchMap":{},"s":{"0":14,"1":6,"2":6,"3":6},"f":{"0":14,"1":4},"b":{},"meta":{"lastBranch":0,"lastFunction":2,"lastStatement":4,"seen":{"f:13:4:13:16":0,"s:14:8:14:Infinity":0,"f:22:17:22:35":1,"s:23:23:30:Infinity":1,"s:32:20:32:Infinity":2,"s:33:8:33:Infinity":3}}}
,"C:\\Users\\KWADWO ASANTE\\cassy-project\\src\\model\\connection.ts": {"path":"C:\\Users\\KWADWO ASANTE\\cassy-project\\src\\model\\connection.ts","statementMap":{"0":{"start":{"line":4,"column":10},"end":{"line":4,"column":null}},"1":{"start":{"line":6,"column":17},"end":{"line":6,"column":null}},"2":{"start":{"line":8,"column":0},"end":{"line":10,"column":null}},"3":{"start":{"line":9,"column":4},"end":{"line":9,"column":null}},"4":{"start":{"line":13,"column":4},"end":{"line":13,"column":null}}},"fnMap":{"0":{"name":"db","decl":{"start":{"line":12,"column":24},"end":{"line":12,"column":29}},"loc":{"start":{"line":12,"column":29},"end":{"line":14,"column":null}},"line":12}},"branchMap":{"0":{"loc":{"start":{"line":8,"column":0},"end":{"line":10,"column":null}},"type":"if","locations":[{"start":{"line":8,"column":0},"end":{"line":10,"column":null}},{"start":{},"end":{}}],"line":8}},"s":{"0":4,"1":4,"2":4,"3":4,"4":208},"f":{"0":208},"b":{"0":[4,0]},"meta":{"lastBranch":1,"lastFunction":1,"lastStatement":5,"seen":{"s:4:10:4:Infinity":0,"s:6:17:6:Infinity":1,"b:8:0:10:Infinity:undefined:undefined:undefined:undefined":0,"s:8:0:10:Infinity":2,"s:9:4:9:Infinity":3,"f:12:24:12:29":0,"s:13:4:13:Infinity":4}}}
}
