TN:
SF:src\assertions.ts
FN:1,assert
FN:9,(anonymous_1)
FNF:2
FNH:1
FNDA:30,assert
FNDA:0,(anonymous_1)
DA:2,30
DA:3,0
DA:10,0
LF:3
LH:1
BRDA:2,0,0,0
BRDA:2,0,1,30
BRF:2
BRH:1
end_of_record
TN:
SF:src\model\Cart.ts
FN:9,(anonymous_0)
FN:14,(anonymous_1)
FN:26,(anonymous_2)
FN:27,(anonymous_3)
FN:30,(anonymous_4)
FN:53,(anonymous_5)
FN:65,(anonymous_6)
FN:70,(anonymous_7)
FN:87,(anonymous_8)
FNF:9
FNH:9
FNDA:12,(anonymous_0)
FNDA:11,(anonymous_1)
FNDA:15,(anonymous_2)
FNDA:4,(anonymous_3)
FNDA:4,(anonymous_4)
FNDA:3,(anonymous_5)
FNDA:5,(anonymous_6)
FNDA:4,(anonymous_7)
FNDA:3,(anonymous_8)
DA:10,12
DA:11,12
DA:15,11
DA:16,10
DA:17,10
DA:19,1
DA:22,10
DA:27,15
DA:31,4
DA:33,4
DA:34,2
DA:35,2
DA:36,2
DA:42,4
DA:43,2
DA:44,2
DA:46,2
DA:49,2
DA:54,3
DA:56,3
DA:57,4
DA:60,3
DA:66,5
DA:72,4
DA:73,1
DA:75,3
DA:76,3
DA:77,3
DA:78,4
DA:81,3
DA:82,3
DA:83,3
DA:84,3
DA:88,3
LF:34
LH:34
BRDA:15,0,0,10
BRDA:15,0,1,1
BRDA:34,1,0,2
BRDA:34,1,1,0
BRDA:35,2,0,2
BRDA:35,2,1,0
BRDA:42,3,0,2
BRDA:42,3,1,2
BRDA:72,4,0,1
BRDA:72,4,1,3
BRF:10
BRH:8
end_of_record
TN:
SF:src\model\Juice.ts
FN:7,(anonymous_0)
FN:10,(anonymous_1)
FN:14,(anonymous_2)
FN:18,(anonymous_3)
FNF:4
FNH:4
FNDA:3,(anonymous_0)
FNDA:3,(anonymous_1)
FNDA:3,(anonymous_2)
FNDA:1,(anonymous_3)
DA:4,1
DA:8,3
DA:11,3
DA:15,3
DA:19,1
LF:5
LH:5
BRF:0
BRH:0
end_of_record
TN:
SF:src\model\Product.ts
FN:7,(anonymous_0)
FN:13,(anonymous_1)
FN:18,(anonymous_2)
FN:22,(anonymous_3)
FNF:4
FNH:4
FNDA:12,(anonymous_0)
FNDA:12,(anonymous_1)
FNDA:4,(anonymous_2)
FNDA:4,(anonymous_3)
DA:8,12
DA:9,12
DA:10,12
DA:14,12
DA:15,12
DA:19,4
DA:23,4
LF:7
LH:7
BRF:0
BRH:0
end_of_record
TN:
SF:src\model\Receipt.ts
FN:9,(anonymous_0)
FN:15,(anonymous_1)
FN:20,(anonymous_2)
FN:24,(anonymous_3)
FNF:4
FNH:3
FNDA:3,(anonymous_0)
FNDA:3,(anonymous_1)
FNDA:1,(anonymous_2)
FNDA:0,(anonymous_3)
DA:10,3
DA:11,3
DA:12,3
DA:16,3
DA:17,3
DA:21,1
DA:25,0
LF:7
LH:6
BRF:0
BRH:0
end_of_record
TN:
SF:src\model\Smoothie.ts
FN:5,(anonymous_0)
FN:9,(anonymous_1)
FN:13,(anonymous_2)
FN:17,(anonymous_3)
FNF:4
FNH:4
FNDA:9,(anonymous_0)
FNDA:33,(anonymous_1)
FNDA:31,(anonymous_2)
FNDA:1,(anonymous_3)
DA:4,1
DA:6,9
DA:10,33
DA:14,31
DA:18,1
LF:5
LH:5
BRF:0
BRH:0
end_of_record
